2022-09-08 18:36:02 INFO  Log:11 - =====================================LoginTest TEST START=========================================
2022-09-08 18:36:09 INFO  Log:22 - Clicked on Signin Button
2022-09-08 18:36:11 INFO  Log:22 - Entering username: pranayyerram@gmail.comand Password: Chingpong.1
2022-09-08 18:36:22 INFO  Log:22 - Logged into Application
2022-09-08 18:36:22 INFO  Log:15 - =====================================LoginTest TEST END=========================================
2022-09-08 19:03:09 DEBUG InternalLoggerFactory:89 - Using Log4J as the default logging framework
2022-09-08 19:03:09 DEBUG ResourceLeakDetector:129 - -Dio.netty.leakDetection.level: simple
2022-09-08 19:03:09 DEBUG ResourceLeakDetector:130 - -Dio.netty.leakDetection.targetRecords: 4
2022-09-08 19:03:09 DEBUG ResourceLeakDetectorFactory:196 - Loaded default ResourceLeakDetector: io.netty.util.ResourceLeakDetector@19b843ba
2022-09-08 19:03:09 DEBUG PlatformDependent0:495 - -Dio.netty.noUnsafe: false
2022-09-08 19:03:09 DEBUG PlatformDependent0:998 - Java version: 18
2022-09-08 19:03:09 DEBUG PlatformDependent0:136 - sun.misc.Unsafe.theUnsafe: available
2022-09-08 19:03:09 DEBUG PlatformDependent0:160 - sun.misc.Unsafe.copyMemory: available
2022-09-08 19:03:09 DEBUG PlatformDependent0:192 - sun.misc.Unsafe.storeFence: available
2022-09-08 19:03:09 DEBUG PlatformDependent0:235 - java.nio.Buffer.address: available
2022-09-08 19:03:09 DEBUG PlatformDependent0:319 - direct buffer constructor: unavailable: Reflective setAccessible(true) disabled
2022-09-08 19:03:09 DEBUG PlatformDependent0:384 - java.nio.Bits.unaligned: available, true
2022-09-08 19:03:09 DEBUG PlatformDependent0:451 - jdk.internal.misc.Unsafe.allocateUninitializedArray(int): unavailable: class io.netty.util.internal.PlatformDependent0$7 cannot access class jdk.internal.misc.Unsafe (in module java.base) because module java.base does not export jdk.internal.misc to unnamed module @7ab2bfe1
2022-09-08 19:03:09 DEBUG PlatformDependent0:481 - java.nio.DirectByteBuffer.<init>(long, int): unavailable
2022-09-08 19:03:09 DEBUG PlatformDependent:1120 - sun.misc.Unsafe: available
2022-09-08 19:03:09 DEBUG PlatformDependent:1231 - maxDirectMemory: 2076180480 bytes (maybe)
2022-09-08 19:03:09 DEBUG PlatformDependent:1250 - -Dio.netty.tmpdir: C:\Users\Pranay\AppData\Local\Temp (java.io.tmpdir)
2022-09-08 19:03:09 DEBUG PlatformDependent:1329 - -Dio.netty.bitMode: 64 (sun.arch.data.model)
2022-09-08 19:03:09 DEBUG PlatformDependent:1080 - Platform: Windows
2022-09-08 19:03:09 DEBUG PlatformDependent:178 - -Dio.netty.maxDirectMemory: -1 bytes
2022-09-08 19:03:09 DEBUG PlatformDependent:185 - -Dio.netty.uninitializedArrayAllocationThreshold: -1
2022-09-08 19:03:09 DEBUG CleanerJava9:71 - java.nio.ByteBuffer.cleaner(): available
2022-09-08 19:03:09 DEBUG PlatformDependent:205 - -Dio.netty.noPreferDirect: false
2022-09-08 19:03:09 DEBUG PlatformDependent:971 - org.jctools-core.MpscChunkedArrayQueue: available
2022-09-08 19:03:09 DEBUG InternalThreadLocalMap:86 - -Dio.netty.threadLocalMap.stringBuilder.initialSize: 1024
2022-09-08 19:03:09 DEBUG InternalThreadLocalMap:89 - -Dio.netty.threadLocalMap.stringBuilder.maxSize: 4096
2022-09-08 19:03:09 DEBUG JdkSslContext:83 - Default protocols (JDK): [TLSv1.3, TLSv1.2] 
2022-09-08 19:03:09 DEBUG JdkSslContext:84 - Default cipher suites (JDK): [TLS_ECDHE_ECDSA_WITH_AES_256_GCM_SHA384, TLS_ECDHE_ECDSA_WITH_AES_128_GCM_SHA256, TLS_ECDHE_RSA_WITH_AES_128_GCM_SHA256, TLS_ECDHE_RSA_WITH_AES_256_GCM_SHA384, TLS_ECDHE_RSA_WITH_AES_128_CBC_SHA, TLS_ECDHE_RSA_WITH_AES_256_CBC_SHA, TLS_RSA_WITH_AES_128_GCM_SHA256, TLS_RSA_WITH_AES_128_CBC_SHA, TLS_RSA_WITH_AES_256_CBC_SHA, TLS_AES_128_GCM_SHA256, TLS_AES_256_GCM_SHA384]
2022-09-08 19:03:09 DEBUG MultithreadEventLoopGroup:44 - -Dio.netty.eventLoopThreads: 16
2022-09-08 19:03:09 DEBUG NioEventLoop:109 - -Dio.netty.noKeySetOptimization: false
2022-09-08 19:03:09 DEBUG NioEventLoop:110 - -Dio.netty.selectorAutoRebuildThreshold: 512
2022-09-08 19:03:09 DEBUG PooledByteBufAllocator:157 - -Dio.netty.allocator.numHeapArenas: 16
2022-09-08 19:03:09 DEBUG PooledByteBufAllocator:158 - -Dio.netty.allocator.numDirectArenas: 16
2022-09-08 19:03:09 DEBUG PooledByteBufAllocator:160 - -Dio.netty.allocator.pageSize: 8192
2022-09-08 19:03:09 DEBUG PooledByteBufAllocator:165 - -Dio.netty.allocator.maxOrder: 9
2022-09-08 19:03:09 DEBUG PooledByteBufAllocator:169 - -Dio.netty.allocator.chunkSize: 4194304
2022-09-08 19:03:09 DEBUG PooledByteBufAllocator:170 - -Dio.netty.allocator.smallCacheSize: 256
2022-09-08 19:03:09 DEBUG PooledByteBufAllocator:171 - -Dio.netty.allocator.normalCacheSize: 64
2022-09-08 19:03:09 DEBUG PooledByteBufAllocator:172 - -Dio.netty.allocator.maxCachedBufferCapacity: 32768
2022-09-08 19:03:09 DEBUG PooledByteBufAllocator:173 - -Dio.netty.allocator.cacheTrimInterval: 8192
2022-09-08 19:03:09 DEBUG PooledByteBufAllocator:174 - -Dio.netty.allocator.cacheTrimIntervalMillis: 0
2022-09-08 19:03:09 DEBUG PooledByteBufAllocator:175 - -Dio.netty.allocator.useCacheForAllThreads: false
2022-09-08 19:03:09 DEBUG PooledByteBufAllocator:176 - -Dio.netty.allocator.maxCachedByteBuffersPerChunk: 1023
2022-09-08 19:03:09 DEBUG ByteBufUtil:87 - -Dio.netty.allocator.type: pooled
2022-09-08 19:03:09 DEBUG ByteBufUtil:96 - -Dio.netty.threadLocalDirectBufferSize: 0
2022-09-08 19:03:09 DEBUG ByteBufUtil:99 - -Dio.netty.maxThreadLocalCharBufferSize: 16384
2022-09-08 19:03:11 DEBUG DefaultChannelId:79 - -Dio.netty.processId: 15528 (auto-detected)
2022-09-08 19:03:11 DEBUG NetUtil:136 - -Djava.net.preferIPv4Stack: true
2022-09-08 19:03:11 DEBUG NetUtil:137 - -Djava.net.preferIPv6Addresses: false
2022-09-08 19:03:11 DEBUG NetUtilInitializations:129 - Loopback interface: lo (Software Loopback Interface 1, 127.0.0.1)
2022-09-08 19:03:11 DEBUG NetUtil:191 - Failed to get SOMAXCONN from sysctl and file \proc\sys\net\core\somaxconn. Default: 200
2022-09-08 19:03:11 DEBUG DefaultChannelId:101 - -Dio.netty.machineId: 94:e2:3c:ff:fe:e7:e7:a8 (auto-detected)
2022-09-08 19:03:11 DEBUG AbstractByteBuf:63 - -Dio.netty.buffer.checkAccessible: true
2022-09-08 19:03:11 DEBUG AbstractByteBuf:64 - -Dio.netty.buffer.checkBounds: true
2022-09-08 19:03:11 DEBUG ResourceLeakDetectorFactory:196 - Loaded default ResourceLeakDetector: io.netty.util.ResourceLeakDetector@92f9fd3
2022-09-08 19:03:11 DEBUG Recycler:85 - -Dio.netty.recycler.maxCapacityPerThread: 4096
2022-09-08 19:03:11 DEBUG Recycler:86 - -Dio.netty.recycler.ratio: 8
2022-09-08 19:03:11 DEBUG Recycler:87 - -Dio.netty.recycler.chunkSize: 32
2022-09-08 19:03:11 DEBUG Recycler:88 - -Dio.netty.recycler.blocking: false
2022-09-08 19:03:13 DEBUG Brotli:38 - brotli4j not in the classpath; Brotli support will be unavailable.
2022-09-08 19:03:14 DEBUG ThreadLocalRandom:214 - -Dio.netty.initialSeedUniquifier: 0x978c507e93bb7bfb
2022-09-08 19:04:24 DEBUG InternalLoggerFactory:89 - Using Log4J as the default logging framework
2022-09-08 19:04:24 DEBUG ResourceLeakDetector:129 - -Dio.netty.leakDetection.level: simple
2022-09-08 19:04:24 DEBUG ResourceLeakDetector:130 - -Dio.netty.leakDetection.targetRecords: 4
2022-09-08 19:04:24 DEBUG ResourceLeakDetectorFactory:196 - Loaded default ResourceLeakDetector: io.netty.util.ResourceLeakDetector@19b843ba
2022-09-08 19:04:24 DEBUG PlatformDependent0:495 - -Dio.netty.noUnsafe: false
2022-09-08 19:04:24 DEBUG PlatformDependent0:998 - Java version: 18
2022-09-08 19:04:24 DEBUG PlatformDependent0:136 - sun.misc.Unsafe.theUnsafe: available
2022-09-08 19:04:24 DEBUG PlatformDependent0:160 - sun.misc.Unsafe.copyMemory: available
2022-09-08 19:04:24 DEBUG PlatformDependent0:192 - sun.misc.Unsafe.storeFence: available
2022-09-08 19:04:24 DEBUG PlatformDependent0:235 - java.nio.Buffer.address: available
2022-09-08 19:04:24 DEBUG PlatformDependent0:319 - direct buffer constructor: unavailable: Reflective setAccessible(true) disabled
2022-09-08 19:04:24 DEBUG PlatformDependent0:384 - java.nio.Bits.unaligned: available, true
2022-09-08 19:04:24 DEBUG PlatformDependent0:451 - jdk.internal.misc.Unsafe.allocateUninitializedArray(int): unavailable: class io.netty.util.internal.PlatformDependent0$7 cannot access class jdk.internal.misc.Unsafe (in module java.base) because module java.base does not export jdk.internal.misc to unnamed module @7ab2bfe1
2022-09-08 19:04:24 DEBUG PlatformDependent0:481 - java.nio.DirectByteBuffer.<init>(long, int): unavailable
2022-09-08 19:04:24 DEBUG PlatformDependent:1120 - sun.misc.Unsafe: available
2022-09-08 19:04:24 DEBUG PlatformDependent:1231 - maxDirectMemory: 2076180480 bytes (maybe)
2022-09-08 19:04:24 DEBUG PlatformDependent:1250 - -Dio.netty.tmpdir: C:\Users\Pranay\AppData\Local\Temp (java.io.tmpdir)
2022-09-08 19:04:24 DEBUG PlatformDependent:1329 - -Dio.netty.bitMode: 64 (sun.arch.data.model)
2022-09-08 19:04:24 DEBUG PlatformDependent:1080 - Platform: Windows
2022-09-08 19:04:24 DEBUG PlatformDependent:178 - -Dio.netty.maxDirectMemory: -1 bytes
2022-09-08 19:04:24 DEBUG PlatformDependent:185 - -Dio.netty.uninitializedArrayAllocationThreshold: -1
2022-09-08 19:04:24 DEBUG CleanerJava9:71 - java.nio.ByteBuffer.cleaner(): available
2022-09-08 19:04:24 DEBUG PlatformDependent:205 - -Dio.netty.noPreferDirect: false
2022-09-08 19:04:24 DEBUG PlatformDependent:971 - org.jctools-core.MpscChunkedArrayQueue: available
2022-09-08 19:04:24 DEBUG InternalThreadLocalMap:86 - -Dio.netty.threadLocalMap.stringBuilder.initialSize: 1024
2022-09-08 19:04:24 DEBUG InternalThreadLocalMap:89 - -Dio.netty.threadLocalMap.stringBuilder.maxSize: 4096
2022-09-08 19:04:25 DEBUG JdkSslContext:83 - Default protocols (JDK): [TLSv1.3, TLSv1.2] 
2022-09-08 19:04:25 DEBUG JdkSslContext:84 - Default cipher suites (JDK): [TLS_ECDHE_ECDSA_WITH_AES_256_GCM_SHA384, TLS_ECDHE_ECDSA_WITH_AES_128_GCM_SHA256, TLS_ECDHE_RSA_WITH_AES_128_GCM_SHA256, TLS_ECDHE_RSA_WITH_AES_256_GCM_SHA384, TLS_ECDHE_RSA_WITH_AES_128_CBC_SHA, TLS_ECDHE_RSA_WITH_AES_256_CBC_SHA, TLS_RSA_WITH_AES_128_GCM_SHA256, TLS_RSA_WITH_AES_128_CBC_SHA, TLS_RSA_WITH_AES_256_CBC_SHA, TLS_AES_128_GCM_SHA256, TLS_AES_256_GCM_SHA384]
2022-09-08 19:04:25 DEBUG MultithreadEventLoopGroup:44 - -Dio.netty.eventLoopThreads: 16
2022-09-08 19:04:25 DEBUG NioEventLoop:109 - -Dio.netty.noKeySetOptimization: false
2022-09-08 19:04:25 DEBUG NioEventLoop:110 - -Dio.netty.selectorAutoRebuildThreshold: 512
2022-09-08 19:04:25 DEBUG PooledByteBufAllocator:157 - -Dio.netty.allocator.numHeapArenas: 16
2022-09-08 19:04:25 DEBUG PooledByteBufAllocator:158 - -Dio.netty.allocator.numDirectArenas: 16
2022-09-08 19:04:25 DEBUG PooledByteBufAllocator:160 - -Dio.netty.allocator.pageSize: 8192
2022-09-08 19:04:25 DEBUG PooledByteBufAllocator:165 - -Dio.netty.allocator.maxOrder: 9
2022-09-08 19:04:25 DEBUG PooledByteBufAllocator:169 - -Dio.netty.allocator.chunkSize: 4194304
2022-09-08 19:04:25 DEBUG PooledByteBufAllocator:170 - -Dio.netty.allocator.smallCacheSize: 256
2022-09-08 19:04:25 DEBUG PooledByteBufAllocator:171 - -Dio.netty.allocator.normalCacheSize: 64
2022-09-08 19:04:25 DEBUG PooledByteBufAllocator:172 - -Dio.netty.allocator.maxCachedBufferCapacity: 32768
2022-09-08 19:04:25 DEBUG PooledByteBufAllocator:173 - -Dio.netty.allocator.cacheTrimInterval: 8192
2022-09-08 19:04:25 DEBUG PooledByteBufAllocator:174 - -Dio.netty.allocator.cacheTrimIntervalMillis: 0
2022-09-08 19:04:25 DEBUG PooledByteBufAllocator:175 - -Dio.netty.allocator.useCacheForAllThreads: false
2022-09-08 19:04:25 DEBUG PooledByteBufAllocator:176 - -Dio.netty.allocator.maxCachedByteBuffersPerChunk: 1023
2022-09-08 19:04:25 DEBUG ByteBufUtil:87 - -Dio.netty.allocator.type: pooled
2022-09-08 19:04:25 DEBUG ByteBufUtil:96 - -Dio.netty.threadLocalDirectBufferSize: 0
2022-09-08 19:04:25 DEBUG ByteBufUtil:99 - -Dio.netty.maxThreadLocalCharBufferSize: 16384
2022-09-08 19:04:27 DEBUG DefaultChannelId:79 - -Dio.netty.processId: 16600 (auto-detected)
2022-09-08 19:04:27 DEBUG NetUtil:136 - -Djava.net.preferIPv4Stack: true
2022-09-08 19:04:27 DEBUG NetUtil:137 - -Djava.net.preferIPv6Addresses: false
2022-09-08 19:04:27 DEBUG NetUtilInitializations:129 - Loopback interface: lo (Software Loopback Interface 1, 127.0.0.1)
2022-09-08 19:04:27 DEBUG NetUtil:191 - Failed to get SOMAXCONN from sysctl and file \proc\sys\net\core\somaxconn. Default: 200
2022-09-08 19:04:27 DEBUG DefaultChannelId:101 - -Dio.netty.machineId: 94:e2:3c:ff:fe:e7:e7:a8 (auto-detected)
2022-09-08 19:04:27 DEBUG AbstractByteBuf:63 - -Dio.netty.buffer.checkAccessible: true
2022-09-08 19:04:27 DEBUG AbstractByteBuf:64 - -Dio.netty.buffer.checkBounds: true
2022-09-08 19:04:27 DEBUG ResourceLeakDetectorFactory:196 - Loaded default ResourceLeakDetector: io.netty.util.ResourceLeakDetector@2d3b9a31
2022-09-08 19:04:27 DEBUG Recycler:85 - -Dio.netty.recycler.maxCapacityPerThread: 4096
2022-09-08 19:04:27 DEBUG Recycler:86 - -Dio.netty.recycler.ratio: 8
2022-09-08 19:04:27 DEBUG Recycler:87 - -Dio.netty.recycler.chunkSize: 32
2022-09-08 19:04:27 DEBUG Recycler:88 - -Dio.netty.recycler.blocking: false
2022-09-08 19:04:29 DEBUG Brotli:38 - brotli4j not in the classpath; Brotli support will be unavailable.
2022-09-08 19:04:29 DEBUG ThreadLocalRandom:214 - -Dio.netty.initialSeedUniquifier: 0xc4c0302efae57b6d
2022-09-08 19:04:46 INFO  Log:11 - =====================================LoginTest TEST START=========================================
2022-09-08 19:04:56 INFO  Log:22 - Clicked on Signin Button
2022-09-08 19:04:58 INFO  Log:22 - Entering username: pranayyerram@gmail.com and Password: Chingpong.1
2022-09-08 19:05:40 DEBUG InternalLoggerFactory:89 - Using Log4J as the default logging framework
2022-09-08 19:05:40 DEBUG ResourceLeakDetector:129 - -Dio.netty.leakDetection.level: simple
2022-09-08 19:05:40 DEBUG ResourceLeakDetector:130 - -Dio.netty.leakDetection.targetRecords: 4
2022-09-08 19:05:40 DEBUG ResourceLeakDetectorFactory:196 - Loaded default ResourceLeakDetector: io.netty.util.ResourceLeakDetector@19b843ba
2022-09-08 19:05:40 DEBUG PlatformDependent0:495 - -Dio.netty.noUnsafe: false
2022-09-08 19:05:40 DEBUG PlatformDependent0:998 - Java version: 18
2022-09-08 19:05:40 DEBUG PlatformDependent0:136 - sun.misc.Unsafe.theUnsafe: available
2022-09-08 19:05:40 DEBUG PlatformDependent0:160 - sun.misc.Unsafe.copyMemory: available
2022-09-08 19:05:40 DEBUG PlatformDependent0:192 - sun.misc.Unsafe.storeFence: available
2022-09-08 19:05:40 DEBUG PlatformDependent0:235 - java.nio.Buffer.address: available
2022-09-08 19:05:40 DEBUG PlatformDependent0:319 - direct buffer constructor: unavailable: Reflective setAccessible(true) disabled
2022-09-08 19:05:40 DEBUG PlatformDependent0:384 - java.nio.Bits.unaligned: available, true
2022-09-08 19:05:40 DEBUG PlatformDependent0:451 - jdk.internal.misc.Unsafe.allocateUninitializedArray(int): unavailable: class io.netty.util.internal.PlatformDependent0$7 cannot access class jdk.internal.misc.Unsafe (in module java.base) because module java.base does not export jdk.internal.misc to unnamed module @7ab2bfe1
2022-09-08 19:05:40 DEBUG PlatformDependent0:481 - java.nio.DirectByteBuffer.<init>(long, int): unavailable
2022-09-08 19:05:40 DEBUG PlatformDependent:1120 - sun.misc.Unsafe: available
2022-09-08 19:05:40 DEBUG PlatformDependent:1231 - maxDirectMemory: 2076180480 bytes (maybe)
2022-09-08 19:05:40 DEBUG PlatformDependent:1250 - -Dio.netty.tmpdir: C:\Users\Pranay\AppData\Local\Temp (java.io.tmpdir)
2022-09-08 19:05:40 DEBUG PlatformDependent:1329 - -Dio.netty.bitMode: 64 (sun.arch.data.model)
2022-09-08 19:05:40 DEBUG PlatformDependent:1080 - Platform: Windows
2022-09-08 19:05:40 DEBUG PlatformDependent:178 - -Dio.netty.maxDirectMemory: -1 bytes
2022-09-08 19:05:40 DEBUG PlatformDependent:185 - -Dio.netty.uninitializedArrayAllocationThreshold: -1
2022-09-08 19:05:40 DEBUG CleanerJava9:71 - java.nio.ByteBuffer.cleaner(): available
2022-09-08 19:05:40 DEBUG PlatformDependent:205 - -Dio.netty.noPreferDirect: false
2022-09-08 19:05:40 DEBUG PlatformDependent:971 - org.jctools-core.MpscChunkedArrayQueue: available
2022-09-08 19:05:40 DEBUG InternalThreadLocalMap:86 - -Dio.netty.threadLocalMap.stringBuilder.initialSize: 1024
2022-09-08 19:05:40 DEBUG InternalThreadLocalMap:89 - -Dio.netty.threadLocalMap.stringBuilder.maxSize: 4096
2022-09-08 19:05:40 DEBUG JdkSslContext:83 - Default protocols (JDK): [TLSv1.3, TLSv1.2] 
2022-09-08 19:05:40 DEBUG JdkSslContext:84 - Default cipher suites (JDK): [TLS_ECDHE_ECDSA_WITH_AES_256_GCM_SHA384, TLS_ECDHE_ECDSA_WITH_AES_128_GCM_SHA256, TLS_ECDHE_RSA_WITH_AES_128_GCM_SHA256, TLS_ECDHE_RSA_WITH_AES_256_GCM_SHA384, TLS_ECDHE_RSA_WITH_AES_128_CBC_SHA, TLS_ECDHE_RSA_WITH_AES_256_CBC_SHA, TLS_RSA_WITH_AES_128_GCM_SHA256, TLS_RSA_WITH_AES_128_CBC_SHA, TLS_RSA_WITH_AES_256_CBC_SHA, TLS_AES_128_GCM_SHA256, TLS_AES_256_GCM_SHA384]
2022-09-08 19:05:40 DEBUG MultithreadEventLoopGroup:44 - -Dio.netty.eventLoopThreads: 16
2022-09-08 19:05:40 DEBUG NioEventLoop:109 - -Dio.netty.noKeySetOptimization: false
2022-09-08 19:05:40 DEBUG NioEventLoop:110 - -Dio.netty.selectorAutoRebuildThreshold: 512
2022-09-08 19:05:40 DEBUG PooledByteBufAllocator:157 - -Dio.netty.allocator.numHeapArenas: 16
2022-09-08 19:05:40 DEBUG PooledByteBufAllocator:158 - -Dio.netty.allocator.numDirectArenas: 16
2022-09-08 19:05:40 DEBUG PooledByteBufAllocator:160 - -Dio.netty.allocator.pageSize: 8192
2022-09-08 19:05:40 DEBUG PooledByteBufAllocator:165 - -Dio.netty.allocator.maxOrder: 9
2022-09-08 19:05:40 DEBUG PooledByteBufAllocator:169 - -Dio.netty.allocator.chunkSize: 4194304
2022-09-08 19:05:40 DEBUG PooledByteBufAllocator:170 - -Dio.netty.allocator.smallCacheSize: 256
2022-09-08 19:05:40 DEBUG PooledByteBufAllocator:171 - -Dio.netty.allocator.normalCacheSize: 64
2022-09-08 19:05:40 DEBUG PooledByteBufAllocator:172 - -Dio.netty.allocator.maxCachedBufferCapacity: 32768
2022-09-08 19:05:40 DEBUG PooledByteBufAllocator:173 - -Dio.netty.allocator.cacheTrimInterval: 8192
2022-09-08 19:05:40 DEBUG PooledByteBufAllocator:174 - -Dio.netty.allocator.cacheTrimIntervalMillis: 0
2022-09-08 19:05:40 DEBUG PooledByteBufAllocator:175 - -Dio.netty.allocator.useCacheForAllThreads: false
2022-09-08 19:05:40 DEBUG PooledByteBufAllocator:176 - -Dio.netty.allocator.maxCachedByteBuffersPerChunk: 1023
2022-09-08 19:05:40 DEBUG ByteBufUtil:87 - -Dio.netty.allocator.type: pooled
2022-09-08 19:05:40 DEBUG ByteBufUtil:96 - -Dio.netty.threadLocalDirectBufferSize: 0
2022-09-08 19:05:40 DEBUG ByteBufUtil:99 - -Dio.netty.maxThreadLocalCharBufferSize: 16384
2022-09-08 19:05:42 DEBUG DefaultChannelId:79 - -Dio.netty.processId: 7260 (auto-detected)
2022-09-08 19:05:42 DEBUG NetUtil:136 - -Djava.net.preferIPv4Stack: true
2022-09-08 19:05:42 DEBUG NetUtil:137 - -Djava.net.preferIPv6Addresses: false
2022-09-08 19:05:42 DEBUG NetUtilInitializations:129 - Loopback interface: lo (Software Loopback Interface 1, 127.0.0.1)
2022-09-08 19:05:42 DEBUG NetUtil:191 - Failed to get SOMAXCONN from sysctl and file \proc\sys\net\core\somaxconn. Default: 200
2022-09-08 19:05:42 DEBUG DefaultChannelId:101 - -Dio.netty.machineId: 94:e2:3c:ff:fe:e7:e7:a8 (auto-detected)
2022-09-08 19:05:42 DEBUG AbstractByteBuf:63 - -Dio.netty.buffer.checkAccessible: true
2022-09-08 19:05:42 DEBUG AbstractByteBuf:64 - -Dio.netty.buffer.checkBounds: true
2022-09-08 19:05:42 DEBUG ResourceLeakDetectorFactory:196 - Loaded default ResourceLeakDetector: io.netty.util.ResourceLeakDetector@92f9fd3
2022-09-08 19:05:42 DEBUG Recycler:85 - -Dio.netty.recycler.maxCapacityPerThread: 4096
2022-09-08 19:05:42 DEBUG Recycler:86 - -Dio.netty.recycler.ratio: 8
2022-09-08 19:05:42 DEBUG Recycler:87 - -Dio.netty.recycler.chunkSize: 32
2022-09-08 19:05:42 DEBUG Recycler:88 - -Dio.netty.recycler.blocking: false
2022-09-08 19:05:44 DEBUG Brotli:38 - brotli4j not in the classpath; Brotli support will be unavailable.
2022-09-08 19:05:44 DEBUG ThreadLocalRandom:214 - -Dio.netty.initialSeedUniquifier: 0xbf62144ada2a0612
2022-09-08 19:05:58 INFO  Log:11 - =====================================LoginTest TEST START=========================================
2022-09-08 19:06:04 INFO  Log:22 - Clicked on Signin Button
2022-09-08 19:06:06 INFO  Log:22 - Entering username: pranayyerram@gmail.com and Password: Chingpong.1
2022-09-08 19:06:18 INFO  Log:22 - Logged into Application
2022-09-08 19:06:18 INFO  Log:15 - =====================================LoginTest TEST END=========================================
2022-09-09 17:52:27 DEBUG InternalLoggerFactory:89 - Using Log4J as the default logging framework
2022-09-09 17:52:27 DEBUG ResourceLeakDetector:129 - -Dio.netty.leakDetection.level: simple
2022-09-09 17:52:27 DEBUG ResourceLeakDetector:130 - -Dio.netty.leakDetection.targetRecords: 4
2022-09-09 17:52:27 DEBUG ResourceLeakDetectorFactory:196 - Loaded default ResourceLeakDetector: io.netty.util.ResourceLeakDetector@77659b30
2022-09-09 17:52:27 DEBUG PlatformDependent0:495 - -Dio.netty.noUnsafe: false
2022-09-09 17:52:27 DEBUG PlatformDependent0:998 - Java version: 18
2022-09-09 17:52:27 DEBUG PlatformDependent0:136 - sun.misc.Unsafe.theUnsafe: available
2022-09-09 17:52:27 DEBUG PlatformDependent0:160 - sun.misc.Unsafe.copyMemory: available
2022-09-09 17:52:27 DEBUG PlatformDependent0:192 - sun.misc.Unsafe.storeFence: available
2022-09-09 17:52:27 DEBUG PlatformDependent0:235 - java.nio.Buffer.address: available
2022-09-09 17:52:27 DEBUG PlatformDependent0:319 - direct buffer constructor: unavailable: Reflective setAccessible(true) disabled
2022-09-09 17:52:27 DEBUG PlatformDependent0:384 - java.nio.Bits.unaligned: available, true
2022-09-09 17:52:27 DEBUG PlatformDependent0:451 - jdk.internal.misc.Unsafe.allocateUninitializedArray(int): unavailable: class io.netty.util.internal.PlatformDependent0$7 cannot access class jdk.internal.misc.Unsafe (in module java.base) because module java.base does not export jdk.internal.misc to unnamed module @7ab2bfe1
2022-09-09 17:52:27 DEBUG PlatformDependent0:481 - java.nio.DirectByteBuffer.<init>(long, int): unavailable
2022-09-09 17:52:27 DEBUG PlatformDependent:1120 - sun.misc.Unsafe: available
2022-09-09 17:52:27 DEBUG PlatformDependent:1231 - maxDirectMemory: 2076180480 bytes (maybe)
2022-09-09 17:52:27 DEBUG PlatformDependent:1250 - -Dio.netty.tmpdir: C:\Users\Pranay\AppData\Local\Temp (java.io.tmpdir)
2022-09-09 17:52:27 DEBUG PlatformDependent:1329 - -Dio.netty.bitMode: 64 (sun.arch.data.model)
2022-09-09 17:52:27 DEBUG PlatformDependent:1080 - Platform: Windows
2022-09-09 17:52:27 DEBUG PlatformDependent:178 - -Dio.netty.maxDirectMemory: -1 bytes
2022-09-09 17:52:27 DEBUG PlatformDependent:185 - -Dio.netty.uninitializedArrayAllocationThreshold: -1
2022-09-09 17:52:27 DEBUG CleanerJava9:71 - java.nio.ByteBuffer.cleaner(): available
2022-09-09 17:52:27 DEBUG PlatformDependent:205 - -Dio.netty.noPreferDirect: false
2022-09-09 17:52:27 DEBUG PlatformDependent:971 - org.jctools-core.MpscChunkedArrayQueue: available
2022-09-09 17:52:28 DEBUG InternalThreadLocalMap:86 - -Dio.netty.threadLocalMap.stringBuilder.initialSize: 1024
2022-09-09 17:52:28 DEBUG InternalThreadLocalMap:89 - -Dio.netty.threadLocalMap.stringBuilder.maxSize: 4096
2022-09-09 17:52:28 DEBUG JdkSslContext:83 - Default protocols (JDK): [TLSv1.3, TLSv1.2] 
2022-09-09 17:52:28 DEBUG JdkSslContext:84 - Default cipher suites (JDK): [TLS_ECDHE_ECDSA_WITH_AES_256_GCM_SHA384, TLS_ECDHE_ECDSA_WITH_AES_128_GCM_SHA256, TLS_ECDHE_RSA_WITH_AES_128_GCM_SHA256, TLS_ECDHE_RSA_WITH_AES_256_GCM_SHA384, TLS_ECDHE_RSA_WITH_AES_128_CBC_SHA, TLS_ECDHE_RSA_WITH_AES_256_CBC_SHA, TLS_RSA_WITH_AES_128_GCM_SHA256, TLS_RSA_WITH_AES_128_CBC_SHA, TLS_RSA_WITH_AES_256_CBC_SHA, TLS_AES_128_GCM_SHA256, TLS_AES_256_GCM_SHA384]
2022-09-09 17:52:28 DEBUG MultithreadEventLoopGroup:44 - -Dio.netty.eventLoopThreads: 16
2022-09-09 17:52:28 DEBUG NioEventLoop:109 - -Dio.netty.noKeySetOptimization: false
2022-09-09 17:52:28 DEBUG NioEventLoop:110 - -Dio.netty.selectorAutoRebuildThreshold: 512
2022-09-09 17:52:28 DEBUG PooledByteBufAllocator:157 - -Dio.netty.allocator.numHeapArenas: 16
2022-09-09 17:52:28 DEBUG PooledByteBufAllocator:158 - -Dio.netty.allocator.numDirectArenas: 16
2022-09-09 17:52:28 DEBUG PooledByteBufAllocator:160 - -Dio.netty.allocator.pageSize: 8192
2022-09-09 17:52:28 DEBUG PooledByteBufAllocator:165 - -Dio.netty.allocator.maxOrder: 9
2022-09-09 17:52:28 DEBUG PooledByteBufAllocator:169 - -Dio.netty.allocator.chunkSize: 4194304
2022-09-09 17:52:28 DEBUG PooledByteBufAllocator:170 - -Dio.netty.allocator.smallCacheSize: 256
2022-09-09 17:52:28 DEBUG PooledByteBufAllocator:171 - -Dio.netty.allocator.normalCacheSize: 64
2022-09-09 17:52:28 DEBUG PooledByteBufAllocator:172 - -Dio.netty.allocator.maxCachedBufferCapacity: 32768
2022-09-09 17:52:28 DEBUG PooledByteBufAllocator:173 - -Dio.netty.allocator.cacheTrimInterval: 8192
2022-09-09 17:52:28 DEBUG PooledByteBufAllocator:174 - -Dio.netty.allocator.cacheTrimIntervalMillis: 0
2022-09-09 17:52:28 DEBUG PooledByteBufAllocator:175 - -Dio.netty.allocator.useCacheForAllThreads: false
2022-09-09 17:52:28 DEBUG PooledByteBufAllocator:176 - -Dio.netty.allocator.maxCachedByteBuffersPerChunk: 1023
2022-09-09 17:52:28 DEBUG ByteBufUtil:87 - -Dio.netty.allocator.type: pooled
2022-09-09 17:52:28 DEBUG ByteBufUtil:96 - -Dio.netty.threadLocalDirectBufferSize: 0
2022-09-09 17:52:28 DEBUG ByteBufUtil:99 - -Dio.netty.maxThreadLocalCharBufferSize: 16384
2022-09-09 17:52:30 DEBUG DefaultChannelId:79 - -Dio.netty.processId: 3832 (auto-detected)
2022-09-09 17:52:30 DEBUG NetUtil:136 - -Djava.net.preferIPv4Stack: true
2022-09-09 17:52:30 DEBUG NetUtil:137 - -Djava.net.preferIPv6Addresses: false
2022-09-09 17:52:30 DEBUG NetUtilInitializations:129 - Loopback interface: lo (Software Loopback Interface 1, 127.0.0.1)
2022-09-09 17:52:30 DEBUG NetUtil:191 - Failed to get SOMAXCONN from sysctl and file \proc\sys\net\core\somaxconn. Default: 200
2022-09-09 17:52:30 DEBUG DefaultChannelId:101 - -Dio.netty.machineId: 94:e2:3c:ff:fe:e7:e7:a8 (auto-detected)
2022-09-09 17:52:31 DEBUG AbstractByteBuf:63 - -Dio.netty.buffer.checkAccessible: true
2022-09-09 17:52:31 DEBUG AbstractByteBuf:64 - -Dio.netty.buffer.checkBounds: true
2022-09-09 17:52:31 DEBUG ResourceLeakDetectorFactory:196 - Loaded default ResourceLeakDetector: io.netty.util.ResourceLeakDetector@92f9fd3
2022-09-09 17:52:31 DEBUG Recycler:85 - -Dio.netty.recycler.maxCapacityPerThread: 4096
2022-09-09 17:52:31 DEBUG Recycler:86 - -Dio.netty.recycler.ratio: 8
2022-09-09 17:52:31 DEBUG Recycler:87 - -Dio.netty.recycler.chunkSize: 32
2022-09-09 17:52:31 DEBUG Recycler:88 - -Dio.netty.recycler.blocking: false
2022-09-09 17:53:00 DEBUG Brotli:38 - brotli4j not in the classpath; Brotli support will be unavailable.
2022-09-09 17:53:04 DEBUG ThreadLocalRandom:214 - -Dio.netty.initialSeedUniquifier: 0x0dac33a2af6b7c5c
2022-09-09 17:53:35 INFO  Log:11 - =====================================LoginTest TEST START=========================================
2022-09-09 17:53:43 INFO  Log:22 - Clicked on Signin Button
2022-09-09 17:53:45 INFO  Log:22 - Entering username: pranayyerram@gmail.com and Password: Chingpong.1
2022-09-09 17:53:58 INFO  Log:22 - Logged into Application
2022-09-09 17:53:58 INFO  Log:15 - =====================================LoginTest TEST END=========================================
2022-09-09 18:01:55 DEBUG InternalLoggerFactory:89 - Using Log4J as the default logging framework
2022-09-09 18:01:55 DEBUG ResourceLeakDetector:129 - -Dio.netty.leakDetection.level: simple
2022-09-09 18:01:55 DEBUG ResourceLeakDetector:130 - -Dio.netty.leakDetection.targetRecords: 4
2022-09-09 18:01:55 DEBUG ResourceLeakDetectorFactory:196 - Loaded default ResourceLeakDetector: io.netty.util.ResourceLeakDetector@a1f72f5
2022-09-09 18:01:55 DEBUG PlatformDependent0:495 - -Dio.netty.noUnsafe: false
2022-09-09 18:01:55 DEBUG PlatformDependent0:998 - Java version: 18
2022-09-09 18:01:55 DEBUG PlatformDependent0:136 - sun.misc.Unsafe.theUnsafe: available
2022-09-09 18:01:55 DEBUG PlatformDependent0:160 - sun.misc.Unsafe.copyMemory: available
2022-09-09 18:01:55 DEBUG PlatformDependent0:192 - sun.misc.Unsafe.storeFence: available
2022-09-09 18:01:55 DEBUG PlatformDependent0:235 - java.nio.Buffer.address: available
2022-09-09 18:01:55 DEBUG PlatformDependent0:319 - direct buffer constructor: unavailable: Reflective setAccessible(true) disabled
2022-09-09 18:01:55 DEBUG PlatformDependent0:384 - java.nio.Bits.unaligned: available, true
2022-09-09 18:01:55 DEBUG PlatformDependent0:451 - jdk.internal.misc.Unsafe.allocateUninitializedArray(int): unavailable: class io.netty.util.internal.PlatformDependent0$7 cannot access class jdk.internal.misc.Unsafe (in module java.base) because module java.base does not export jdk.internal.misc to unnamed module @7ab2bfe1
2022-09-09 18:01:55 DEBUG PlatformDependent0:481 - java.nio.DirectByteBuffer.<init>(long, int): unavailable
2022-09-09 18:01:55 DEBUG PlatformDependent:1120 - sun.misc.Unsafe: available
2022-09-09 18:01:55 DEBUG PlatformDependent:1231 - maxDirectMemory: 2076180480 bytes (maybe)
2022-09-09 18:01:55 DEBUG PlatformDependent:1250 - -Dio.netty.tmpdir: C:\Users\Pranay\AppData\Local\Temp (java.io.tmpdir)
2022-09-09 18:01:55 DEBUG PlatformDependent:1329 - -Dio.netty.bitMode: 64 (sun.arch.data.model)
2022-09-09 18:01:55 DEBUG PlatformDependent:1080 - Platform: Windows
2022-09-09 18:01:55 DEBUG PlatformDependent:178 - -Dio.netty.maxDirectMemory: -1 bytes
2022-09-09 18:01:55 DEBUG PlatformDependent:185 - -Dio.netty.uninitializedArrayAllocationThreshold: -1
2022-09-09 18:01:55 DEBUG CleanerJava9:71 - java.nio.ByteBuffer.cleaner(): available
2022-09-09 18:01:55 DEBUG PlatformDependent:205 - -Dio.netty.noPreferDirect: false
2022-09-09 18:01:55 DEBUG PlatformDependent:971 - org.jctools-core.MpscChunkedArrayQueue: available
2022-09-09 18:01:55 DEBUG InternalThreadLocalMap:86 - -Dio.netty.threadLocalMap.stringBuilder.initialSize: 1024
2022-09-09 18:01:55 DEBUG InternalThreadLocalMap:89 - -Dio.netty.threadLocalMap.stringBuilder.maxSize: 4096
2022-09-09 18:01:55 DEBUG JdkSslContext:83 - Default protocols (JDK): [TLSv1.3, TLSv1.2] 
2022-09-09 18:01:55 DEBUG JdkSslContext:84 - Default cipher suites (JDK): [TLS_ECDHE_ECDSA_WITH_AES_256_GCM_SHA384, TLS_ECDHE_ECDSA_WITH_AES_128_GCM_SHA256, TLS_ECDHE_RSA_WITH_AES_128_GCM_SHA256, TLS_ECDHE_RSA_WITH_AES_256_GCM_SHA384, TLS_ECDHE_RSA_WITH_AES_128_CBC_SHA, TLS_ECDHE_RSA_WITH_AES_256_CBC_SHA, TLS_RSA_WITH_AES_128_GCM_SHA256, TLS_RSA_WITH_AES_128_CBC_SHA, TLS_RSA_WITH_AES_256_CBC_SHA, TLS_AES_128_GCM_SHA256, TLS_AES_256_GCM_SHA384]
2022-09-09 18:01:55 DEBUG MultithreadEventLoopGroup:44 - -Dio.netty.eventLoopThreads: 16
2022-09-09 18:01:55 DEBUG NioEventLoop:109 - -Dio.netty.noKeySetOptimization: false
2022-09-09 18:01:55 DEBUG NioEventLoop:110 - -Dio.netty.selectorAutoRebuildThreshold: 512
2022-09-09 18:01:55 DEBUG PooledByteBufAllocator:157 - -Dio.netty.allocator.numHeapArenas: 16
2022-09-09 18:01:55 DEBUG PooledByteBufAllocator:158 - -Dio.netty.allocator.numDirectArenas: 16
2022-09-09 18:01:55 DEBUG PooledByteBufAllocator:160 - -Dio.netty.allocator.pageSize: 8192
2022-09-09 18:01:55 DEBUG PooledByteBufAllocator:165 - -Dio.netty.allocator.maxOrder: 9
2022-09-09 18:01:55 DEBUG PooledByteBufAllocator:169 - -Dio.netty.allocator.chunkSize: 4194304
2022-09-09 18:01:55 DEBUG PooledByteBufAllocator:170 - -Dio.netty.allocator.smallCacheSize: 256
2022-09-09 18:01:55 DEBUG PooledByteBufAllocator:171 - -Dio.netty.allocator.normalCacheSize: 64
2022-09-09 18:01:55 DEBUG PooledByteBufAllocator:172 - -Dio.netty.allocator.maxCachedBufferCapacity: 32768
2022-09-09 18:01:55 DEBUG PooledByteBufAllocator:173 - -Dio.netty.allocator.cacheTrimInterval: 8192
2022-09-09 18:01:55 DEBUG PooledByteBufAllocator:174 - -Dio.netty.allocator.cacheTrimIntervalMillis: 0
2022-09-09 18:01:55 DEBUG PooledByteBufAllocator:175 - -Dio.netty.allocator.useCacheForAllThreads: false
2022-09-09 18:01:55 DEBUG PooledByteBufAllocator:176 - -Dio.netty.allocator.maxCachedByteBuffersPerChunk: 1023
2022-09-09 18:01:55 DEBUG ByteBufUtil:87 - -Dio.netty.allocator.type: pooled
2022-09-09 18:01:55 DEBUG ByteBufUtil:96 - -Dio.netty.threadLocalDirectBufferSize: 0
2022-09-09 18:01:55 DEBUG ByteBufUtil:99 - -Dio.netty.maxThreadLocalCharBufferSize: 16384
2022-09-09 18:01:58 DEBUG DefaultChannelId:79 - -Dio.netty.processId: 13884 (auto-detected)
2022-09-09 18:01:58 DEBUG NetUtil:136 - -Djava.net.preferIPv4Stack: true
2022-09-09 18:01:58 DEBUG NetUtil:137 - -Djava.net.preferIPv6Addresses: false
2022-09-09 18:01:58 DEBUG NetUtilInitializations:129 - Loopback interface: lo (Software Loopback Interface 1, 127.0.0.1)
2022-09-09 18:01:58 DEBUG NetUtil:191 - Failed to get SOMAXCONN from sysctl and file \proc\sys\net\core\somaxconn. Default: 200
2022-09-09 18:01:58 DEBUG DefaultChannelId:101 - -Dio.netty.machineId: 94:e2:3c:ff:fe:e7:e7:a8 (auto-detected)
2022-09-09 18:01:58 DEBUG AbstractByteBuf:63 - -Dio.netty.buffer.checkAccessible: true
2022-09-09 18:01:58 DEBUG AbstractByteBuf:64 - -Dio.netty.buffer.checkBounds: true
2022-09-09 18:01:58 DEBUG ResourceLeakDetectorFactory:196 - Loaded default ResourceLeakDetector: io.netty.util.ResourceLeakDetector@356b613
2022-09-09 18:01:58 DEBUG Recycler:85 - -Dio.netty.recycler.maxCapacityPerThread: 4096
2022-09-09 18:01:58 DEBUG Recycler:86 - -Dio.netty.recycler.ratio: 8
2022-09-09 18:01:58 DEBUG Recycler:87 - -Dio.netty.recycler.chunkSize: 32
2022-09-09 18:01:58 DEBUG Recycler:88 - -Dio.netty.recycler.blocking: false
2022-09-09 18:02:03 DEBUG Brotli:38 - brotli4j not in the classpath; Brotli support will be unavailable.
2022-09-09 18:02:03 DEBUG ThreadLocalRandom:214 - -Dio.netty.initialSeedUniquifier: 0xd99622e95abb1865
2022-09-09 18:05:07 DEBUG InternalLoggerFactory:89 - Using Log4J as the default logging framework
2022-09-09 18:05:07 DEBUG ResourceLeakDetector:129 - -Dio.netty.leakDetection.level: simple
2022-09-09 18:05:07 DEBUG ResourceLeakDetector:130 - -Dio.netty.leakDetection.targetRecords: 4
2022-09-09 18:05:07 DEBUG ResourceLeakDetectorFactory:196 - Loaded default ResourceLeakDetector: io.netty.util.ResourceLeakDetector@a1f72f5
2022-09-09 18:05:07 DEBUG PlatformDependent0:495 - -Dio.netty.noUnsafe: false
2022-09-09 18:05:07 DEBUG PlatformDependent0:998 - Java version: 18
2022-09-09 18:05:07 DEBUG PlatformDependent0:136 - sun.misc.Unsafe.theUnsafe: available
2022-09-09 18:05:07 DEBUG PlatformDependent0:160 - sun.misc.Unsafe.copyMemory: available
2022-09-09 18:05:07 DEBUG PlatformDependent0:192 - sun.misc.Unsafe.storeFence: available
2022-09-09 18:05:07 DEBUG PlatformDependent0:235 - java.nio.Buffer.address: available
2022-09-09 18:05:07 DEBUG PlatformDependent0:319 - direct buffer constructor: unavailable: Reflective setAccessible(true) disabled
2022-09-09 18:05:07 DEBUG PlatformDependent0:384 - java.nio.Bits.unaligned: available, true
2022-09-09 18:05:07 DEBUG PlatformDependent0:451 - jdk.internal.misc.Unsafe.allocateUninitializedArray(int): unavailable: class io.netty.util.internal.PlatformDependent0$7 cannot access class jdk.internal.misc.Unsafe (in module java.base) because module java.base does not export jdk.internal.misc to unnamed module @7ab2bfe1
2022-09-09 18:05:07 DEBUG PlatformDependent0:481 - java.nio.DirectByteBuffer.<init>(long, int): unavailable
2022-09-09 18:05:07 DEBUG PlatformDependent:1120 - sun.misc.Unsafe: available
2022-09-09 18:05:07 DEBUG PlatformDependent:1231 - maxDirectMemory: 2076180480 bytes (maybe)
2022-09-09 18:05:07 DEBUG PlatformDependent:1250 - -Dio.netty.tmpdir: C:\Users\Pranay\AppData\Local\Temp (java.io.tmpdir)
2022-09-09 18:05:07 DEBUG PlatformDependent:1329 - -Dio.netty.bitMode: 64 (sun.arch.data.model)
2022-09-09 18:05:07 DEBUG PlatformDependent:1080 - Platform: Windows
2022-09-09 18:05:07 DEBUG PlatformDependent:178 - -Dio.netty.maxDirectMemory: -1 bytes
2022-09-09 18:05:07 DEBUG PlatformDependent:185 - -Dio.netty.uninitializedArrayAllocationThreshold: -1
2022-09-09 18:05:07 DEBUG CleanerJava9:71 - java.nio.ByteBuffer.cleaner(): available
2022-09-09 18:05:07 DEBUG PlatformDependent:205 - -Dio.netty.noPreferDirect: false
2022-09-09 18:05:07 DEBUG PlatformDependent:971 - org.jctools-core.MpscChunkedArrayQueue: available
2022-09-09 18:05:07 DEBUG InternalThreadLocalMap:86 - -Dio.netty.threadLocalMap.stringBuilder.initialSize: 1024
2022-09-09 18:05:07 DEBUG InternalThreadLocalMap:89 - -Dio.netty.threadLocalMap.stringBuilder.maxSize: 4096
2022-09-09 18:05:07 DEBUG JdkSslContext:83 - Default protocols (JDK): [TLSv1.3, TLSv1.2] 
2022-09-09 18:05:07 DEBUG JdkSslContext:84 - Default cipher suites (JDK): [TLS_ECDHE_ECDSA_WITH_AES_256_GCM_SHA384, TLS_ECDHE_ECDSA_WITH_AES_128_GCM_SHA256, TLS_ECDHE_RSA_WITH_AES_128_GCM_SHA256, TLS_ECDHE_RSA_WITH_AES_256_GCM_SHA384, TLS_ECDHE_RSA_WITH_AES_128_CBC_SHA, TLS_ECDHE_RSA_WITH_AES_256_CBC_SHA, TLS_RSA_WITH_AES_128_GCM_SHA256, TLS_RSA_WITH_AES_128_CBC_SHA, TLS_RSA_WITH_AES_256_CBC_SHA, TLS_AES_128_GCM_SHA256, TLS_AES_256_GCM_SHA384]
2022-09-09 18:05:07 DEBUG MultithreadEventLoopGroup:44 - -Dio.netty.eventLoopThreads: 16
2022-09-09 18:05:07 DEBUG NioEventLoop:109 - -Dio.netty.noKeySetOptimization: false
2022-09-09 18:05:07 DEBUG NioEventLoop:110 - -Dio.netty.selectorAutoRebuildThreshold: 512
2022-09-09 18:05:07 DEBUG PooledByteBufAllocator:157 - -Dio.netty.allocator.numHeapArenas: 16
2022-09-09 18:05:07 DEBUG PooledByteBufAllocator:158 - -Dio.netty.allocator.numDirectArenas: 16
2022-09-09 18:05:07 DEBUG PooledByteBufAllocator:160 - -Dio.netty.allocator.pageSize: 8192
2022-09-09 18:05:07 DEBUG PooledByteBufAllocator:165 - -Dio.netty.allocator.maxOrder: 9
2022-09-09 18:05:07 DEBUG PooledByteBufAllocator:169 - -Dio.netty.allocator.chunkSize: 4194304
2022-09-09 18:05:07 DEBUG PooledByteBufAllocator:170 - -Dio.netty.allocator.smallCacheSize: 256
2022-09-09 18:05:07 DEBUG PooledByteBufAllocator:171 - -Dio.netty.allocator.normalCacheSize: 64
2022-09-09 18:05:07 DEBUG PooledByteBufAllocator:172 - -Dio.netty.allocator.maxCachedBufferCapacity: 32768
2022-09-09 18:05:07 DEBUG PooledByteBufAllocator:173 - -Dio.netty.allocator.cacheTrimInterval: 8192
2022-09-09 18:05:07 DEBUG PooledByteBufAllocator:174 - -Dio.netty.allocator.cacheTrimIntervalMillis: 0
2022-09-09 18:05:07 DEBUG PooledByteBufAllocator:175 - -Dio.netty.allocator.useCacheForAllThreads: false
2022-09-09 18:05:07 DEBUG PooledByteBufAllocator:176 - -Dio.netty.allocator.maxCachedByteBuffersPerChunk: 1023
2022-09-09 18:05:07 DEBUG ByteBufUtil:87 - -Dio.netty.allocator.type: pooled
2022-09-09 18:05:07 DEBUG ByteBufUtil:96 - -Dio.netty.threadLocalDirectBufferSize: 0
2022-09-09 18:05:07 DEBUG ByteBufUtil:99 - -Dio.netty.maxThreadLocalCharBufferSize: 16384
2022-09-09 18:05:09 DEBUG DefaultChannelId:79 - -Dio.netty.processId: 11744 (auto-detected)
2022-09-09 18:05:09 DEBUG NetUtil:136 - -Djava.net.preferIPv4Stack: true
2022-09-09 18:05:09 DEBUG NetUtil:137 - -Djava.net.preferIPv6Addresses: false
2022-09-09 18:05:09 DEBUG NetUtilInitializations:129 - Loopback interface: lo (Software Loopback Interface 1, 127.0.0.1)
2022-09-09 18:05:09 DEBUG NetUtil:191 - Failed to get SOMAXCONN from sysctl and file \proc\sys\net\core\somaxconn. Default: 200
2022-09-09 18:05:09 DEBUG DefaultChannelId:101 - -Dio.netty.machineId: 94:e2:3c:ff:fe:e7:e7:a8 (auto-detected)
2022-09-09 18:05:09 DEBUG AbstractByteBuf:63 - -Dio.netty.buffer.checkAccessible: true
2022-09-09 18:05:09 DEBUG AbstractByteBuf:64 - -Dio.netty.buffer.checkBounds: true
2022-09-09 18:05:09 DEBUG ResourceLeakDetectorFactory:196 - Loaded default ResourceLeakDetector: io.netty.util.ResourceLeakDetector@1b4abf45
2022-09-09 18:05:09 DEBUG Recycler:85 - -Dio.netty.recycler.maxCapacityPerThread: 4096
2022-09-09 18:05:09 DEBUG Recycler:86 - -Dio.netty.recycler.ratio: 8
2022-09-09 18:05:09 DEBUG Recycler:87 - -Dio.netty.recycler.chunkSize: 32
2022-09-09 18:05:09 DEBUG Recycler:88 - -Dio.netty.recycler.blocking: false
2022-09-09 18:05:12 DEBUG Brotli:38 - brotli4j not in the classpath; Brotli support will be unavailable.
2022-09-09 18:05:12 DEBUG ThreadLocalRandom:214 - -Dio.netty.initialSeedUniquifier: 0x1ba5c7b7d1d43161
2022-09-10 11:12:50 DEBUG InternalLoggerFactory:89 - Using Log4J as the default logging framework
2022-09-10 11:12:50 DEBUG ResourceLeakDetector:129 - -Dio.netty.leakDetection.level: simple
2022-09-10 11:12:50 DEBUG ResourceLeakDetector:130 - -Dio.netty.leakDetection.targetRecords: 4
2022-09-10 11:12:50 DEBUG ResourceLeakDetectorFactory:196 - Loaded default ResourceLeakDetector: io.netty.util.ResourceLeakDetector@74f6c5d8
2022-09-10 11:12:50 DEBUG PlatformDependent0:495 - -Dio.netty.noUnsafe: false
2022-09-10 11:12:50 DEBUG PlatformDependent0:998 - Java version: 18
2022-09-10 11:12:50 DEBUG PlatformDependent0:136 - sun.misc.Unsafe.theUnsafe: available
2022-09-10 11:12:50 DEBUG PlatformDependent0:160 - sun.misc.Unsafe.copyMemory: available
2022-09-10 11:12:50 DEBUG PlatformDependent0:192 - sun.misc.Unsafe.storeFence: available
2022-09-10 11:12:50 DEBUG PlatformDependent0:235 - java.nio.Buffer.address: available
2022-09-10 11:12:50 DEBUG PlatformDependent0:319 - direct buffer constructor: unavailable: Reflective setAccessible(true) disabled
2022-09-10 11:12:50 DEBUG PlatformDependent0:384 - java.nio.Bits.unaligned: available, true
2022-09-10 11:12:50 DEBUG PlatformDependent0:451 - jdk.internal.misc.Unsafe.allocateUninitializedArray(int): unavailable: class io.netty.util.internal.PlatformDependent0$7 cannot access class jdk.internal.misc.Unsafe (in module java.base) because module java.base does not export jdk.internal.misc to unnamed module @7ab2bfe1
2022-09-10 11:12:50 DEBUG PlatformDependent0:481 - java.nio.DirectByteBuffer.<init>(long, int): unavailable
2022-09-10 11:12:50 DEBUG PlatformDependent:1120 - sun.misc.Unsafe: available
2022-09-10 11:12:50 DEBUG PlatformDependent:1231 - maxDirectMemory: 2076180480 bytes (maybe)
2022-09-10 11:12:50 DEBUG PlatformDependent:1250 - -Dio.netty.tmpdir: C:\Users\Pranay\AppData\Local\Temp (java.io.tmpdir)
2022-09-10 11:12:50 DEBUG PlatformDependent:1329 - -Dio.netty.bitMode: 64 (sun.arch.data.model)
2022-09-10 11:12:50 DEBUG PlatformDependent:1080 - Platform: Windows
2022-09-10 11:12:50 DEBUG PlatformDependent:178 - -Dio.netty.maxDirectMemory: -1 bytes
2022-09-10 11:12:50 DEBUG PlatformDependent:185 - -Dio.netty.uninitializedArrayAllocationThreshold: -1
2022-09-10 11:12:50 DEBUG CleanerJava9:71 - java.nio.ByteBuffer.cleaner(): available
2022-09-10 11:12:50 DEBUG PlatformDependent:205 - -Dio.netty.noPreferDirect: false
2022-09-10 11:12:50 DEBUG PlatformDependent:971 - org.jctools-core.MpscChunkedArrayQueue: available
2022-09-10 11:12:50 DEBUG InternalThreadLocalMap:86 - -Dio.netty.threadLocalMap.stringBuilder.initialSize: 1024
2022-09-10 11:12:50 DEBUG InternalThreadLocalMap:89 - -Dio.netty.threadLocalMap.stringBuilder.maxSize: 4096
2022-09-10 11:12:50 DEBUG JdkSslContext:83 - Default protocols (JDK): [TLSv1.3, TLSv1.2] 
2022-09-10 11:12:50 DEBUG JdkSslContext:84 - Default cipher suites (JDK): [TLS_ECDHE_ECDSA_WITH_AES_256_GCM_SHA384, TLS_ECDHE_ECDSA_WITH_AES_128_GCM_SHA256, TLS_ECDHE_RSA_WITH_AES_128_GCM_SHA256, TLS_ECDHE_RSA_WITH_AES_256_GCM_SHA384, TLS_ECDHE_RSA_WITH_AES_128_CBC_SHA, TLS_ECDHE_RSA_WITH_AES_256_CBC_SHA, TLS_RSA_WITH_AES_128_GCM_SHA256, TLS_RSA_WITH_AES_128_CBC_SHA, TLS_RSA_WITH_AES_256_CBC_SHA, TLS_AES_128_GCM_SHA256, TLS_AES_256_GCM_SHA384]
2022-09-10 11:12:51 DEBUG MultithreadEventLoopGroup:44 - -Dio.netty.eventLoopThreads: 16
2022-09-10 11:12:51 DEBUG NioEventLoop:109 - -Dio.netty.noKeySetOptimization: false
2022-09-10 11:12:51 DEBUG NioEventLoop:110 - -Dio.netty.selectorAutoRebuildThreshold: 512
2022-09-10 11:12:51 DEBUG PooledByteBufAllocator:157 - -Dio.netty.allocator.numHeapArenas: 16
2022-09-10 11:12:51 DEBUG PooledByteBufAllocator:158 - -Dio.netty.allocator.numDirectArenas: 16
2022-09-10 11:12:51 DEBUG PooledByteBufAllocator:160 - -Dio.netty.allocator.pageSize: 8192
2022-09-10 11:12:51 DEBUG PooledByteBufAllocator:165 - -Dio.netty.allocator.maxOrder: 9
2022-09-10 11:12:51 DEBUG PooledByteBufAllocator:169 - -Dio.netty.allocator.chunkSize: 4194304
2022-09-10 11:12:51 DEBUG PooledByteBufAllocator:170 - -Dio.netty.allocator.smallCacheSize: 256
2022-09-10 11:12:51 DEBUG PooledByteBufAllocator:171 - -Dio.netty.allocator.normalCacheSize: 64
2022-09-10 11:12:51 DEBUG PooledByteBufAllocator:172 - -Dio.netty.allocator.maxCachedBufferCapacity: 32768
2022-09-10 11:12:51 DEBUG PooledByteBufAllocator:173 - -Dio.netty.allocator.cacheTrimInterval: 8192
2022-09-10 11:12:51 DEBUG PooledByteBufAllocator:174 - -Dio.netty.allocator.cacheTrimIntervalMillis: 0
2022-09-10 11:12:51 DEBUG PooledByteBufAllocator:175 - -Dio.netty.allocator.useCacheForAllThreads: false
2022-09-10 11:12:51 DEBUG PooledByteBufAllocator:176 - -Dio.netty.allocator.maxCachedByteBuffersPerChunk: 1023
2022-09-10 11:12:51 DEBUG ByteBufUtil:87 - -Dio.netty.allocator.type: pooled
2022-09-10 11:12:51 DEBUG ByteBufUtil:96 - -Dio.netty.threadLocalDirectBufferSize: 0
2022-09-10 11:12:51 DEBUG ByteBufUtil:99 - -Dio.netty.maxThreadLocalCharBufferSize: 16384
2022-09-10 11:12:55 DEBUG DefaultChannelId:79 - -Dio.netty.processId: 8332 (auto-detected)
2022-09-10 11:12:55 DEBUG NetUtil:136 - -Djava.net.preferIPv4Stack: true
2022-09-10 11:12:55 DEBUG NetUtil:137 - -Djava.net.preferIPv6Addresses: false
2022-09-10 11:12:55 DEBUG NetUtilInitializations:129 - Loopback interface: lo (Software Loopback Interface 1, 127.0.0.1)
2022-09-10 11:12:55 DEBUG NetUtil:191 - Failed to get SOMAXCONN from sysctl and file \proc\sys\net\core\somaxconn. Default: 200
2022-09-10 11:12:55 DEBUG DefaultChannelId:101 - -Dio.netty.machineId: 94:e2:3c:ff:fe:e7:e7:a8 (auto-detected)
2022-09-10 11:12:56 DEBUG AbstractByteBuf:63 - -Dio.netty.buffer.checkAccessible: true
2022-09-10 11:12:56 DEBUG AbstractByteBuf:64 - -Dio.netty.buffer.checkBounds: true
2022-09-10 11:12:56 DEBUG ResourceLeakDetectorFactory:196 - Loaded default ResourceLeakDetector: io.netty.util.ResourceLeakDetector@32e2c77e
2022-09-10 11:12:56 DEBUG Recycler:85 - -Dio.netty.recycler.maxCapacityPerThread: 4096
2022-09-10 11:12:56 DEBUG Recycler:86 - -Dio.netty.recycler.ratio: 8
2022-09-10 11:12:56 DEBUG Recycler:87 - -Dio.netty.recycler.chunkSize: 32
2022-09-10 11:12:56 DEBUG Recycler:88 - -Dio.netty.recycler.blocking: false
2022-09-10 11:13:23 DEBUG Brotli:38 - brotli4j not in the classpath; Brotli support will be unavailable.
2022-09-10 11:13:24 DEBUG ThreadLocalRandom:214 - -Dio.netty.initialSeedUniquifier: 0x1d7bbf18b6272293
2022-09-10 11:29:39 DEBUG InternalLoggerFactory:89 - Using Log4J as the default logging framework
2022-09-10 11:29:39 DEBUG ResourceLeakDetector:129 - -Dio.netty.leakDetection.level: simple
2022-09-10 11:29:39 DEBUG ResourceLeakDetector:130 - -Dio.netty.leakDetection.targetRecords: 4
2022-09-10 11:29:39 DEBUG ResourceLeakDetectorFactory:196 - Loaded default ResourceLeakDetector: io.netty.util.ResourceLeakDetector@747f281
2022-09-10 11:29:39 DEBUG PlatformDependent0:495 - -Dio.netty.noUnsafe: false
2022-09-10 11:29:39 DEBUG PlatformDependent0:998 - Java version: 18
2022-09-10 11:29:39 DEBUG PlatformDependent0:136 - sun.misc.Unsafe.theUnsafe: available
2022-09-10 11:29:39 DEBUG PlatformDependent0:160 - sun.misc.Unsafe.copyMemory: available
2022-09-10 11:29:39 DEBUG PlatformDependent0:192 - sun.misc.Unsafe.storeFence: available
2022-09-10 11:29:39 DEBUG PlatformDependent0:235 - java.nio.Buffer.address: available
2022-09-10 11:29:39 DEBUG PlatformDependent0:319 - direct buffer constructor: unavailable: Reflective setAccessible(true) disabled
2022-09-10 11:29:39 DEBUG PlatformDependent0:384 - java.nio.Bits.unaligned: available, true
2022-09-10 11:29:39 DEBUG PlatformDependent0:451 - jdk.internal.misc.Unsafe.allocateUninitializedArray(int): unavailable: class io.netty.util.internal.PlatformDependent0$7 cannot access class jdk.internal.misc.Unsafe (in module java.base) because module java.base does not export jdk.internal.misc to unnamed module @7ab2bfe1
2022-09-10 11:29:39 DEBUG PlatformDependent0:481 - java.nio.DirectByteBuffer.<init>(long, int): unavailable
2022-09-10 11:29:39 DEBUG PlatformDependent:1120 - sun.misc.Unsafe: available
2022-09-10 11:29:39 DEBUG PlatformDependent:1231 - maxDirectMemory: 2076180480 bytes (maybe)
2022-09-10 11:29:39 DEBUG PlatformDependent:1250 - -Dio.netty.tmpdir: C:\Users\Pranay\AppData\Local\Temp (java.io.tmpdir)
2022-09-10 11:29:39 DEBUG PlatformDependent:1329 - -Dio.netty.bitMode: 64 (sun.arch.data.model)
2022-09-10 11:29:39 DEBUG PlatformDependent:1080 - Platform: Windows
2022-09-10 11:29:39 DEBUG PlatformDependent:178 - -Dio.netty.maxDirectMemory: -1 bytes
2022-09-10 11:29:39 DEBUG PlatformDependent:185 - -Dio.netty.uninitializedArrayAllocationThreshold: -1
2022-09-10 11:29:39 DEBUG CleanerJava9:71 - java.nio.ByteBuffer.cleaner(): available
2022-09-10 11:29:39 DEBUG PlatformDependent:205 - -Dio.netty.noPreferDirect: false
2022-09-10 11:29:39 DEBUG PlatformDependent:971 - org.jctools-core.MpscChunkedArrayQueue: available
2022-09-10 11:29:39 DEBUG InternalThreadLocalMap:86 - -Dio.netty.threadLocalMap.stringBuilder.initialSize: 1024
2022-09-10 11:29:39 DEBUG InternalThreadLocalMap:89 - -Dio.netty.threadLocalMap.stringBuilder.maxSize: 4096
2022-09-10 11:29:40 DEBUG JdkSslContext:83 - Default protocols (JDK): [TLSv1.3, TLSv1.2] 
2022-09-10 11:29:40 DEBUG JdkSslContext:84 - Default cipher suites (JDK): [TLS_ECDHE_ECDSA_WITH_AES_256_GCM_SHA384, TLS_ECDHE_ECDSA_WITH_AES_128_GCM_SHA256, TLS_ECDHE_RSA_WITH_AES_128_GCM_SHA256, TLS_ECDHE_RSA_WITH_AES_256_GCM_SHA384, TLS_ECDHE_RSA_WITH_AES_128_CBC_SHA, TLS_ECDHE_RSA_WITH_AES_256_CBC_SHA, TLS_RSA_WITH_AES_128_GCM_SHA256, TLS_RSA_WITH_AES_128_CBC_SHA, TLS_RSA_WITH_AES_256_CBC_SHA, TLS_AES_128_GCM_SHA256, TLS_AES_256_GCM_SHA384]
2022-09-10 11:29:40 DEBUG MultithreadEventLoopGroup:44 - -Dio.netty.eventLoopThreads: 16
2022-09-10 11:29:40 DEBUG NioEventLoop:109 - -Dio.netty.noKeySetOptimization: false
2022-09-10 11:29:40 DEBUG NioEventLoop:110 - -Dio.netty.selectorAutoRebuildThreshold: 512
2022-09-10 11:29:40 DEBUG PooledByteBufAllocator:157 - -Dio.netty.allocator.numHeapArenas: 16
2022-09-10 11:29:40 DEBUG PooledByteBufAllocator:158 - -Dio.netty.allocator.numDirectArenas: 16
2022-09-10 11:29:40 DEBUG PooledByteBufAllocator:160 - -Dio.netty.allocator.pageSize: 8192
2022-09-10 11:29:40 DEBUG PooledByteBufAllocator:165 - -Dio.netty.allocator.maxOrder: 9
2022-09-10 11:29:40 DEBUG PooledByteBufAllocator:169 - -Dio.netty.allocator.chunkSize: 4194304
2022-09-10 11:29:40 DEBUG PooledByteBufAllocator:170 - -Dio.netty.allocator.smallCacheSize: 256
2022-09-10 11:29:40 DEBUG PooledByteBufAllocator:171 - -Dio.netty.allocator.normalCacheSize: 64
2022-09-10 11:29:40 DEBUG PooledByteBufAllocator:172 - -Dio.netty.allocator.maxCachedBufferCapacity: 32768
2022-09-10 11:29:40 DEBUG PooledByteBufAllocator:173 - -Dio.netty.allocator.cacheTrimInterval: 8192
2022-09-10 11:29:40 DEBUG PooledByteBufAllocator:174 - -Dio.netty.allocator.cacheTrimIntervalMillis: 0
2022-09-10 11:29:40 DEBUG PooledByteBufAllocator:175 - -Dio.netty.allocator.useCacheForAllThreads: false
2022-09-10 11:29:40 DEBUG PooledByteBufAllocator:176 - -Dio.netty.allocator.maxCachedByteBuffersPerChunk: 1023
2022-09-10 11:29:40 DEBUG ByteBufUtil:87 - -Dio.netty.allocator.type: pooled
2022-09-10 11:29:40 DEBUG ByteBufUtil:96 - -Dio.netty.threadLocalDirectBufferSize: 0
2022-09-10 11:29:40 DEBUG ByteBufUtil:99 - -Dio.netty.maxThreadLocalCharBufferSize: 16384
2022-09-10 11:29:42 DEBUG DefaultChannelId:79 - -Dio.netty.processId: 13024 (auto-detected)
2022-09-10 11:29:42 DEBUG NetUtil:136 - -Djava.net.preferIPv4Stack: true
2022-09-10 11:29:42 DEBUG NetUtil:137 - -Djava.net.preferIPv6Addresses: false
2022-09-10 11:29:42 DEBUG NetUtilInitializations:129 - Loopback interface: lo (Software Loopback Interface 1, 127.0.0.1)
2022-09-10 11:29:42 DEBUG NetUtil:191 - Failed to get SOMAXCONN from sysctl and file \proc\sys\net\core\somaxconn. Default: 200
2022-09-10 11:29:42 DEBUG DefaultChannelId:101 - -Dio.netty.machineId: 94:e2:3c:ff:fe:e7:e7:a8 (auto-detected)
2022-09-10 11:29:43 DEBUG AbstractByteBuf:63 - -Dio.netty.buffer.checkAccessible: true
2022-09-10 11:29:43 DEBUG AbstractByteBuf:64 - -Dio.netty.buffer.checkBounds: true
2022-09-10 11:29:43 DEBUG ResourceLeakDetectorFactory:196 - Loaded default ResourceLeakDetector: io.netty.util.ResourceLeakDetector@5cfcdea0
2022-09-10 11:29:43 DEBUG Recycler:85 - -Dio.netty.recycler.maxCapacityPerThread: 4096
2022-09-10 11:29:43 DEBUG Recycler:86 - -Dio.netty.recycler.ratio: 8
2022-09-10 11:29:43 DEBUG Recycler:87 - -Dio.netty.recycler.chunkSize: 32
2022-09-10 11:29:43 DEBUG Recycler:88 - -Dio.netty.recycler.blocking: false
2022-09-10 11:29:58 DEBUG Brotli:38 - brotli4j not in the classpath; Brotli support will be unavailable.
2022-09-10 11:32:33 DEBUG InternalLoggerFactory:89 - Using Log4J as the default logging framework
2022-09-10 11:32:33 DEBUG ResourceLeakDetector:129 - -Dio.netty.leakDetection.level: simple
2022-09-10 11:32:33 DEBUG ResourceLeakDetector:130 - -Dio.netty.leakDetection.targetRecords: 4
2022-09-10 11:32:33 DEBUG ResourceLeakDetectorFactory:196 - Loaded default ResourceLeakDetector: io.netty.util.ResourceLeakDetector@791d1f8b
2022-09-10 11:32:33 DEBUG PlatformDependent0:495 - -Dio.netty.noUnsafe: false
2022-09-10 11:32:33 DEBUG PlatformDependent0:998 - Java version: 18
2022-09-10 11:32:33 DEBUG PlatformDependent0:136 - sun.misc.Unsafe.theUnsafe: available
2022-09-10 11:32:33 DEBUG PlatformDependent0:160 - sun.misc.Unsafe.copyMemory: available
2022-09-10 11:32:33 DEBUG PlatformDependent0:192 - sun.misc.Unsafe.storeFence: available
2022-09-10 11:32:33 DEBUG PlatformDependent0:235 - java.nio.Buffer.address: available
2022-09-10 11:32:33 DEBUG PlatformDependent0:319 - direct buffer constructor: unavailable: Reflective setAccessible(true) disabled
2022-09-10 11:32:33 DEBUG PlatformDependent0:384 - java.nio.Bits.unaligned: available, true
2022-09-10 11:32:33 DEBUG PlatformDependent0:451 - jdk.internal.misc.Unsafe.allocateUninitializedArray(int): unavailable: class io.netty.util.internal.PlatformDependent0$7 cannot access class jdk.internal.misc.Unsafe (in module java.base) because module java.base does not export jdk.internal.misc to unnamed module @7ab2bfe1
2022-09-10 11:32:33 DEBUG PlatformDependent0:481 - java.nio.DirectByteBuffer.<init>(long, int): unavailable
2022-09-10 11:32:33 DEBUG PlatformDependent:1120 - sun.misc.Unsafe: available
2022-09-10 11:32:33 DEBUG PlatformDependent:1231 - maxDirectMemory: 2076180480 bytes (maybe)
2022-09-10 11:32:33 DEBUG PlatformDependent:1250 - -Dio.netty.tmpdir: C:\Users\Pranay\AppData\Local\Temp (java.io.tmpdir)
2022-09-10 11:32:33 DEBUG PlatformDependent:1329 - -Dio.netty.bitMode: 64 (sun.arch.data.model)
2022-09-10 11:32:33 DEBUG PlatformDependent:1080 - Platform: Windows
2022-09-10 11:32:33 DEBUG PlatformDependent:178 - -Dio.netty.maxDirectMemory: -1 bytes
2022-09-10 11:32:33 DEBUG PlatformDependent:185 - -Dio.netty.uninitializedArrayAllocationThreshold: -1
2022-09-10 11:32:33 DEBUG CleanerJava9:71 - java.nio.ByteBuffer.cleaner(): available
2022-09-10 11:32:33 DEBUG PlatformDependent:205 - -Dio.netty.noPreferDirect: false
2022-09-10 11:32:33 DEBUG PlatformDependent:971 - org.jctools-core.MpscChunkedArrayQueue: available
2022-09-10 11:32:33 DEBUG InternalThreadLocalMap:86 - -Dio.netty.threadLocalMap.stringBuilder.initialSize: 1024
2022-09-10 11:32:33 DEBUG InternalThreadLocalMap:89 - -Dio.netty.threadLocalMap.stringBuilder.maxSize: 4096
2022-09-10 11:32:34 DEBUG JdkSslContext:83 - Default protocols (JDK): [TLSv1.3, TLSv1.2] 
2022-09-10 11:32:34 DEBUG JdkSslContext:84 - Default cipher suites (JDK): [TLS_ECDHE_ECDSA_WITH_AES_256_GCM_SHA384, TLS_ECDHE_ECDSA_WITH_AES_128_GCM_SHA256, TLS_ECDHE_RSA_WITH_AES_128_GCM_SHA256, TLS_ECDHE_RSA_WITH_AES_256_GCM_SHA384, TLS_ECDHE_RSA_WITH_AES_128_CBC_SHA, TLS_ECDHE_RSA_WITH_AES_256_CBC_SHA, TLS_RSA_WITH_AES_128_GCM_SHA256, TLS_RSA_WITH_AES_128_CBC_SHA, TLS_RSA_WITH_AES_256_CBC_SHA, TLS_AES_128_GCM_SHA256, TLS_AES_256_GCM_SHA384]
2022-09-10 11:32:34 DEBUG MultithreadEventLoopGroup:44 - -Dio.netty.eventLoopThreads: 16
2022-09-10 11:32:34 DEBUG NioEventLoop:109 - -Dio.netty.noKeySetOptimization: false
2022-09-10 11:32:34 DEBUG NioEventLoop:110 - -Dio.netty.selectorAutoRebuildThreshold: 512
2022-09-10 11:32:34 DEBUG PooledByteBufAllocator:157 - -Dio.netty.allocator.numHeapArenas: 16
2022-09-10 11:32:34 DEBUG PooledByteBufAllocator:158 - -Dio.netty.allocator.numDirectArenas: 16
2022-09-10 11:32:34 DEBUG PooledByteBufAllocator:160 - -Dio.netty.allocator.pageSize: 8192
2022-09-10 11:32:34 DEBUG PooledByteBufAllocator:165 - -Dio.netty.allocator.maxOrder: 9
2022-09-10 11:32:34 DEBUG PooledByteBufAllocator:169 - -Dio.netty.allocator.chunkSize: 4194304
2022-09-10 11:32:34 DEBUG PooledByteBufAllocator:170 - -Dio.netty.allocator.smallCacheSize: 256
2022-09-10 11:32:34 DEBUG PooledByteBufAllocator:171 - -Dio.netty.allocator.normalCacheSize: 64
2022-09-10 11:32:34 DEBUG PooledByteBufAllocator:172 - -Dio.netty.allocator.maxCachedBufferCapacity: 32768
2022-09-10 11:32:34 DEBUG PooledByteBufAllocator:173 - -Dio.netty.allocator.cacheTrimInterval: 8192
2022-09-10 11:32:34 DEBUG PooledByteBufAllocator:174 - -Dio.netty.allocator.cacheTrimIntervalMillis: 0
2022-09-10 11:32:34 DEBUG PooledByteBufAllocator:175 - -Dio.netty.allocator.useCacheForAllThreads: false
2022-09-10 11:32:34 DEBUG PooledByteBufAllocator:176 - -Dio.netty.allocator.maxCachedByteBuffersPerChunk: 1023
2022-09-10 11:32:35 DEBUG ByteBufUtil:87 - -Dio.netty.allocator.type: pooled
2022-09-10 11:32:35 DEBUG ByteBufUtil:96 - -Dio.netty.threadLocalDirectBufferSize: 0
2022-09-10 11:32:35 DEBUG ByteBufUtil:99 - -Dio.netty.maxThreadLocalCharBufferSize: 16384
2022-09-10 11:32:36 DEBUG DefaultChannelId:79 - -Dio.netty.processId: 11320 (auto-detected)
2022-09-10 11:32:36 DEBUG NetUtil:136 - -Djava.net.preferIPv4Stack: true
2022-09-10 11:32:36 DEBUG NetUtil:137 - -Djava.net.preferIPv6Addresses: false
2022-09-10 11:32:36 DEBUG NetUtilInitializations:129 - Loopback interface: lo (Software Loopback Interface 1, 127.0.0.1)
2022-09-10 11:32:36 DEBUG NetUtil:191 - Failed to get SOMAXCONN from sysctl and file \proc\sys\net\core\somaxconn. Default: 200
2022-09-10 11:32:36 DEBUG DefaultChannelId:101 - -Dio.netty.machineId: 94:e2:3c:ff:fe:e7:e7:a8 (auto-detected)
2022-09-10 11:32:36 DEBUG AbstractByteBuf:63 - -Dio.netty.buffer.checkAccessible: true
2022-09-10 11:32:36 DEBUG AbstractByteBuf:64 - -Dio.netty.buffer.checkBounds: true
2022-09-10 11:32:36 DEBUG ResourceLeakDetectorFactory:196 - Loaded default ResourceLeakDetector: io.netty.util.ResourceLeakDetector@35a9b4d9
2022-09-10 11:32:37 DEBUG Recycler:85 - -Dio.netty.recycler.maxCapacityPerThread: 4096
2022-09-10 11:32:37 DEBUG Recycler:86 - -Dio.netty.recycler.ratio: 8
2022-09-10 11:32:37 DEBUG Recycler:87 - -Dio.netty.recycler.chunkSize: 32
2022-09-10 11:32:37 DEBUG Recycler:88 - -Dio.netty.recycler.blocking: false
2022-09-10 11:32:47 DEBUG Brotli:38 - brotli4j not in the classpath; Brotli support will be unavailable.
2022-09-10 11:32:48 DEBUG ThreadLocalRandom:214 - -Dio.netty.initialSeedUniquifier: 0x0e1bc52f4820898f
2022-09-10 11:34:37 DEBUG InternalLoggerFactory:89 - Using Log4J as the default logging framework
2022-09-10 11:34:37 DEBUG ResourceLeakDetector:129 - -Dio.netty.leakDetection.level: simple
2022-09-10 11:34:37 DEBUG ResourceLeakDetector:130 - -Dio.netty.leakDetection.targetRecords: 4
2022-09-10 11:34:37 DEBUG ResourceLeakDetectorFactory:196 - Loaded default ResourceLeakDetector: io.netty.util.ResourceLeakDetector@2415fc55
2022-09-10 11:34:37 DEBUG PlatformDependent0:495 - -Dio.netty.noUnsafe: false
2022-09-10 11:34:37 DEBUG PlatformDependent0:998 - Java version: 18
2022-09-10 11:34:37 DEBUG PlatformDependent0:136 - sun.misc.Unsafe.theUnsafe: available
2022-09-10 11:34:37 DEBUG PlatformDependent0:160 - sun.misc.Unsafe.copyMemory: available
2022-09-10 11:34:37 DEBUG PlatformDependent0:192 - sun.misc.Unsafe.storeFence: available
2022-09-10 11:34:37 DEBUG PlatformDependent0:235 - java.nio.Buffer.address: available
2022-09-10 11:34:37 DEBUG PlatformDependent0:319 - direct buffer constructor: unavailable: Reflective setAccessible(true) disabled
2022-09-10 11:34:37 DEBUG PlatformDependent0:384 - java.nio.Bits.unaligned: available, true
2022-09-10 11:34:37 DEBUG PlatformDependent0:451 - jdk.internal.misc.Unsafe.allocateUninitializedArray(int): unavailable: class io.netty.util.internal.PlatformDependent0$7 cannot access class jdk.internal.misc.Unsafe (in module java.base) because module java.base does not export jdk.internal.misc to unnamed module @7ab2bfe1
2022-09-10 11:34:37 DEBUG PlatformDependent0:481 - java.nio.DirectByteBuffer.<init>(long, int): unavailable
2022-09-10 11:34:37 DEBUG PlatformDependent:1120 - sun.misc.Unsafe: available
2022-09-10 11:34:37 DEBUG PlatformDependent:1231 - maxDirectMemory: 2076180480 bytes (maybe)
2022-09-10 11:34:37 DEBUG PlatformDependent:1250 - -Dio.netty.tmpdir: C:\Users\Pranay\AppData\Local\Temp (java.io.tmpdir)
2022-09-10 11:34:37 DEBUG PlatformDependent:1329 - -Dio.netty.bitMode: 64 (sun.arch.data.model)
2022-09-10 11:34:37 DEBUG PlatformDependent:1080 - Platform: Windows
2022-09-10 11:34:37 DEBUG PlatformDependent:178 - -Dio.netty.maxDirectMemory: -1 bytes
2022-09-10 11:34:37 DEBUG PlatformDependent:185 - -Dio.netty.uninitializedArrayAllocationThreshold: -1
2022-09-10 11:34:37 DEBUG CleanerJava9:71 - java.nio.ByteBuffer.cleaner(): available
2022-09-10 11:34:37 DEBUG PlatformDependent:205 - -Dio.netty.noPreferDirect: false
2022-09-10 11:34:37 DEBUG PlatformDependent:971 - org.jctools-core.MpscChunkedArrayQueue: available
2022-09-10 11:34:37 DEBUG InternalThreadLocalMap:86 - -Dio.netty.threadLocalMap.stringBuilder.initialSize: 1024
2022-09-10 11:34:37 DEBUG InternalThreadLocalMap:89 - -Dio.netty.threadLocalMap.stringBuilder.maxSize: 4096
2022-09-10 11:34:37 DEBUG JdkSslContext:83 - Default protocols (JDK): [TLSv1.3, TLSv1.2] 
2022-09-10 11:34:37 DEBUG JdkSslContext:84 - Default cipher suites (JDK): [TLS_ECDHE_ECDSA_WITH_AES_256_GCM_SHA384, TLS_ECDHE_ECDSA_WITH_AES_128_GCM_SHA256, TLS_ECDHE_RSA_WITH_AES_128_GCM_SHA256, TLS_ECDHE_RSA_WITH_AES_256_GCM_SHA384, TLS_ECDHE_RSA_WITH_AES_128_CBC_SHA, TLS_ECDHE_RSA_WITH_AES_256_CBC_SHA, TLS_RSA_WITH_AES_128_GCM_SHA256, TLS_RSA_WITH_AES_128_CBC_SHA, TLS_RSA_WITH_AES_256_CBC_SHA, TLS_AES_128_GCM_SHA256, TLS_AES_256_GCM_SHA384]
2022-09-10 11:34:37 DEBUG MultithreadEventLoopGroup:44 - -Dio.netty.eventLoopThreads: 16
2022-09-10 11:34:37 DEBUG NioEventLoop:109 - -Dio.netty.noKeySetOptimization: false
2022-09-10 11:34:37 DEBUG NioEventLoop:110 - -Dio.netty.selectorAutoRebuildThreshold: 512
2022-09-10 11:34:37 DEBUG PooledByteBufAllocator:157 - -Dio.netty.allocator.numHeapArenas: 16
2022-09-10 11:34:37 DEBUG PooledByteBufAllocator:158 - -Dio.netty.allocator.numDirectArenas: 16
2022-09-10 11:34:37 DEBUG PooledByteBufAllocator:160 - -Dio.netty.allocator.pageSize: 8192
2022-09-10 11:34:37 DEBUG PooledByteBufAllocator:165 - -Dio.netty.allocator.maxOrder: 9
2022-09-10 11:34:37 DEBUG PooledByteBufAllocator:169 - -Dio.netty.allocator.chunkSize: 4194304
2022-09-10 11:34:37 DEBUG PooledByteBufAllocator:170 - -Dio.netty.allocator.smallCacheSize: 256
2022-09-10 11:34:37 DEBUG PooledByteBufAllocator:171 - -Dio.netty.allocator.normalCacheSize: 64
2022-09-10 11:34:37 DEBUG PooledByteBufAllocator:172 - -Dio.netty.allocator.maxCachedBufferCapacity: 32768
2022-09-10 11:34:37 DEBUG PooledByteBufAllocator:173 - -Dio.netty.allocator.cacheTrimInterval: 8192
2022-09-10 11:34:37 DEBUG PooledByteBufAllocator:174 - -Dio.netty.allocator.cacheTrimIntervalMillis: 0
2022-09-10 11:34:37 DEBUG PooledByteBufAllocator:175 - -Dio.netty.allocator.useCacheForAllThreads: false
2022-09-10 11:34:37 DEBUG PooledByteBufAllocator:176 - -Dio.netty.allocator.maxCachedByteBuffersPerChunk: 1023
2022-09-10 11:34:37 DEBUG ByteBufUtil:87 - -Dio.netty.allocator.type: pooled
2022-09-10 11:34:37 DEBUG ByteBufUtil:96 - -Dio.netty.threadLocalDirectBufferSize: 0
2022-09-10 11:34:37 DEBUG ByteBufUtil:99 - -Dio.netty.maxThreadLocalCharBufferSize: 16384
2022-09-10 11:34:38 DEBUG DefaultChannelId:79 - -Dio.netty.processId: 11124 (auto-detected)
2022-09-10 11:34:38 DEBUG NetUtil:136 - -Djava.net.preferIPv4Stack: true
2022-09-10 11:34:38 DEBUG NetUtil:137 - -Djava.net.preferIPv6Addresses: false
2022-09-10 11:34:38 DEBUG NetUtilInitializations:129 - Loopback interface: lo (Software Loopback Interface 1, 127.0.0.1)
2022-09-10 11:34:38 DEBUG NetUtil:191 - Failed to get SOMAXCONN from sysctl and file \proc\sys\net\core\somaxconn. Default: 200
2022-09-10 11:34:38 DEBUG DefaultChannelId:101 - -Dio.netty.machineId: 94:e2:3c:ff:fe:e7:e7:a8 (auto-detected)
2022-09-10 11:34:38 DEBUG AbstractByteBuf:63 - -Dio.netty.buffer.checkAccessible: true
2022-09-10 11:34:38 DEBUG AbstractByteBuf:64 - -Dio.netty.buffer.checkBounds: true
2022-09-10 11:34:38 DEBUG ResourceLeakDetectorFactory:196 - Loaded default ResourceLeakDetector: io.netty.util.ResourceLeakDetector@34b86004
2022-09-10 11:34:38 DEBUG Recycler:85 - -Dio.netty.recycler.maxCapacityPerThread: 4096
2022-09-10 11:34:38 DEBUG Recycler:86 - -Dio.netty.recycler.ratio: 8
2022-09-10 11:34:38 DEBUG Recycler:87 - -Dio.netty.recycler.chunkSize: 32
2022-09-10 11:34:38 DEBUG Recycler:88 - -Dio.netty.recycler.blocking: false
2022-09-10 11:34:40 DEBUG Brotli:38 - brotli4j not in the classpath; Brotli support will be unavailable.
2022-09-10 11:34:40 DEBUG ThreadLocalRandom:214 - -Dio.netty.initialSeedUniquifier: 0x2dc1242fa303c65d
2022-09-10 11:35:16 INFO  Log:11 - =====================================LoginTest TEST START=========================================
2022-09-10 11:35:17 INFO  Log:22 - Clicked on Signin Button
2022-09-10 11:35:19 INFO  Log:22 - Entering username: pranayyerram@gmail.com and Password: Chingpong.1
2022-09-10 11:35:26 INFO  Log:22 - Logged into Application
2022-09-10 11:37:54 DEBUG InternalLoggerFactory:89 - Using Log4J as the default logging framework
2022-09-10 11:37:54 DEBUG ResourceLeakDetector:129 - -Dio.netty.leakDetection.level: simple
2022-09-10 11:37:54 DEBUG ResourceLeakDetector:130 - -Dio.netty.leakDetection.targetRecords: 4
2022-09-10 11:37:54 DEBUG ResourceLeakDetectorFactory:196 - Loaded default ResourceLeakDetector: io.netty.util.ResourceLeakDetector@194141b3
2022-09-10 11:37:54 DEBUG PlatformDependent0:495 - -Dio.netty.noUnsafe: false
2022-09-10 11:37:54 DEBUG PlatformDependent0:998 - Java version: 18
2022-09-10 11:37:54 DEBUG PlatformDependent0:136 - sun.misc.Unsafe.theUnsafe: available
2022-09-10 11:37:54 DEBUG PlatformDependent0:160 - sun.misc.Unsafe.copyMemory: available
2022-09-10 11:37:54 DEBUG PlatformDependent0:192 - sun.misc.Unsafe.storeFence: available
2022-09-10 11:37:54 DEBUG PlatformDependent0:235 - java.nio.Buffer.address: available
2022-09-10 11:37:54 DEBUG PlatformDependent0:319 - direct buffer constructor: unavailable: Reflective setAccessible(true) disabled
2022-09-10 11:37:54 DEBUG PlatformDependent0:384 - java.nio.Bits.unaligned: available, true
2022-09-10 11:37:54 DEBUG PlatformDependent0:451 - jdk.internal.misc.Unsafe.allocateUninitializedArray(int): unavailable: class io.netty.util.internal.PlatformDependent0$7 cannot access class jdk.internal.misc.Unsafe (in module java.base) because module java.base does not export jdk.internal.misc to unnamed module @7ab2bfe1
2022-09-10 11:37:54 DEBUG PlatformDependent0:481 - java.nio.DirectByteBuffer.<init>(long, int): unavailable
2022-09-10 11:37:54 DEBUG PlatformDependent:1120 - sun.misc.Unsafe: available
2022-09-10 11:37:54 DEBUG PlatformDependent:1231 - maxDirectMemory: 2076180480 bytes (maybe)
2022-09-10 11:37:54 DEBUG PlatformDependent:1250 - -Dio.netty.tmpdir: C:\Users\Pranay\AppData\Local\Temp (java.io.tmpdir)
2022-09-10 11:37:54 DEBUG PlatformDependent:1329 - -Dio.netty.bitMode: 64 (sun.arch.data.model)
2022-09-10 11:37:54 DEBUG PlatformDependent:1080 - Platform: Windows
2022-09-10 11:37:54 DEBUG PlatformDependent:178 - -Dio.netty.maxDirectMemory: -1 bytes
2022-09-10 11:37:54 DEBUG PlatformDependent:185 - -Dio.netty.uninitializedArrayAllocationThreshold: -1
2022-09-10 11:37:54 DEBUG CleanerJava9:71 - java.nio.ByteBuffer.cleaner(): available
2022-09-10 11:37:54 DEBUG PlatformDependent:205 - -Dio.netty.noPreferDirect: false
2022-09-10 11:37:54 DEBUG PlatformDependent:971 - org.jctools-core.MpscChunkedArrayQueue: available
2022-09-10 11:37:54 DEBUG InternalThreadLocalMap:86 - -Dio.netty.threadLocalMap.stringBuilder.initialSize: 1024
2022-09-10 11:37:54 DEBUG InternalThreadLocalMap:89 - -Dio.netty.threadLocalMap.stringBuilder.maxSize: 4096
2022-09-10 11:37:54 DEBUG JdkSslContext:83 - Default protocols (JDK): [TLSv1.3, TLSv1.2] 
2022-09-10 11:37:54 DEBUG JdkSslContext:84 - Default cipher suites (JDK): [TLS_ECDHE_ECDSA_WITH_AES_256_GCM_SHA384, TLS_ECDHE_ECDSA_WITH_AES_128_GCM_SHA256, TLS_ECDHE_RSA_WITH_AES_128_GCM_SHA256, TLS_ECDHE_RSA_WITH_AES_256_GCM_SHA384, TLS_ECDHE_RSA_WITH_AES_128_CBC_SHA, TLS_ECDHE_RSA_WITH_AES_256_CBC_SHA, TLS_RSA_WITH_AES_128_GCM_SHA256, TLS_RSA_WITH_AES_128_CBC_SHA, TLS_RSA_WITH_AES_256_CBC_SHA, TLS_AES_128_GCM_SHA256, TLS_AES_256_GCM_SHA384]
2022-09-10 11:37:54 DEBUG MultithreadEventLoopGroup:44 - -Dio.netty.eventLoopThreads: 16
2022-09-10 11:37:54 DEBUG NioEventLoop:109 - -Dio.netty.noKeySetOptimization: false
2022-09-10 11:37:54 DEBUG NioEventLoop:110 - -Dio.netty.selectorAutoRebuildThreshold: 512
2022-09-10 11:37:54 DEBUG PooledByteBufAllocator:157 - -Dio.netty.allocator.numHeapArenas: 16
2022-09-10 11:37:54 DEBUG PooledByteBufAllocator:158 - -Dio.netty.allocator.numDirectArenas: 16
2022-09-10 11:37:54 DEBUG PooledByteBufAllocator:160 - -Dio.netty.allocator.pageSize: 8192
2022-09-10 11:37:54 DEBUG PooledByteBufAllocator:165 - -Dio.netty.allocator.maxOrder: 9
2022-09-10 11:37:54 DEBUG PooledByteBufAllocator:169 - -Dio.netty.allocator.chunkSize: 4194304
2022-09-10 11:37:54 DEBUG PooledByteBufAllocator:170 - -Dio.netty.allocator.smallCacheSize: 256
2022-09-10 11:37:54 DEBUG PooledByteBufAllocator:171 - -Dio.netty.allocator.normalCacheSize: 64
2022-09-10 11:37:54 DEBUG PooledByteBufAllocator:172 - -Dio.netty.allocator.maxCachedBufferCapacity: 32768
2022-09-10 11:37:54 DEBUG PooledByteBufAllocator:173 - -Dio.netty.allocator.cacheTrimInterval: 8192
2022-09-10 11:37:54 DEBUG PooledByteBufAllocator:174 - -Dio.netty.allocator.cacheTrimIntervalMillis: 0
2022-09-10 11:37:54 DEBUG PooledByteBufAllocator:175 - -Dio.netty.allocator.useCacheForAllThreads: false
2022-09-10 11:37:54 DEBUG PooledByteBufAllocator:176 - -Dio.netty.allocator.maxCachedByteBuffersPerChunk: 1023
2022-09-10 11:37:54 DEBUG ByteBufUtil:87 - -Dio.netty.allocator.type: pooled
2022-09-10 11:37:54 DEBUG ByteBufUtil:96 - -Dio.netty.threadLocalDirectBufferSize: 0
2022-09-10 11:37:54 DEBUG ByteBufUtil:99 - -Dio.netty.maxThreadLocalCharBufferSize: 16384
2022-09-10 11:37:54 DEBUG DefaultChannelId:79 - -Dio.netty.processId: 10220 (auto-detected)
2022-09-10 11:37:54 DEBUG NetUtil:136 - -Djava.net.preferIPv4Stack: true
2022-09-10 11:37:54 DEBUG NetUtil:137 - -Djava.net.preferIPv6Addresses: false
2022-09-10 11:37:54 DEBUG NetUtilInitializations:129 - Loopback interface: lo (Software Loopback Interface 1, 127.0.0.1)
2022-09-10 11:37:54 DEBUG NetUtil:191 - Failed to get SOMAXCONN from sysctl and file \proc\sys\net\core\somaxconn. Default: 200
2022-09-10 11:37:55 DEBUG DefaultChannelId:101 - -Dio.netty.machineId: 94:e2:3c:ff:fe:e7:e7:a8 (auto-detected)
2022-09-10 11:37:55 DEBUG AbstractByteBuf:63 - -Dio.netty.buffer.checkAccessible: true
2022-09-10 11:37:55 DEBUG AbstractByteBuf:64 - -Dio.netty.buffer.checkBounds: true
2022-09-10 11:37:55 DEBUG ResourceLeakDetectorFactory:196 - Loaded default ResourceLeakDetector: io.netty.util.ResourceLeakDetector@60ec716f
2022-09-10 11:37:55 DEBUG Recycler:85 - -Dio.netty.recycler.maxCapacityPerThread: 4096
2022-09-10 11:37:55 DEBUG Recycler:86 - -Dio.netty.recycler.ratio: 8
2022-09-10 11:37:55 DEBUG Recycler:87 - -Dio.netty.recycler.chunkSize: 32
2022-09-10 11:37:55 DEBUG Recycler:88 - -Dio.netty.recycler.blocking: false
2022-09-10 11:38:01 DEBUG Brotli:38 - brotli4j not in the classpath; Brotli support will be unavailable.
2022-09-10 11:38:02 DEBUG ThreadLocalRandom:214 - -Dio.netty.initialSeedUniquifier: 0xe18e86b9140c9109
2022-09-10 11:38:20 INFO  Log:11 - =====================================LoginTest TEST START=========================================
2022-09-10 11:38:24 INFO  Log:22 - Clicked on Signin Button
2022-09-10 11:38:26 INFO  Log:22 - Entering username: pranayyerram@gmail.com and Password: Chingpong.1
2022-09-10 11:38:37 INFO  Log:22 - Logged into Application
2022-09-10 11:38:37 INFO  Log:15 - =====================================LoginTest TEST END=========================================
2022-09-10 15:18:51 DEBUG InternalLoggerFactory:89 - Using Log4J as the default logging framework
2022-09-10 15:18:51 DEBUG ResourceLeakDetector:129 - -Dio.netty.leakDetection.level: simple
2022-09-10 15:18:51 DEBUG ResourceLeakDetector:130 - -Dio.netty.leakDetection.targetRecords: 4
2022-09-10 15:18:51 DEBUG ResourceLeakDetectorFactory:196 - Loaded default ResourceLeakDetector: io.netty.util.ResourceLeakDetector@36060e
2022-09-10 15:18:52 DEBUG PlatformDependent0:495 - -Dio.netty.noUnsafe: false
2022-09-10 15:18:52 DEBUG PlatformDependent0:998 - Java version: 18
2022-09-10 15:18:52 DEBUG PlatformDependent0:136 - sun.misc.Unsafe.theUnsafe: available
2022-09-10 15:18:52 DEBUG PlatformDependent0:160 - sun.misc.Unsafe.copyMemory: available
2022-09-10 15:18:52 DEBUG PlatformDependent0:192 - sun.misc.Unsafe.storeFence: available
2022-09-10 15:18:52 DEBUG PlatformDependent0:235 - java.nio.Buffer.address: available
2022-09-10 15:18:52 DEBUG PlatformDependent0:319 - direct buffer constructor: unavailable: Reflective setAccessible(true) disabled
2022-09-10 15:18:52 DEBUG PlatformDependent0:384 - java.nio.Bits.unaligned: available, true
2022-09-10 15:18:52 DEBUG PlatformDependent0:451 - jdk.internal.misc.Unsafe.allocateUninitializedArray(int): unavailable: class io.netty.util.internal.PlatformDependent0$7 cannot access class jdk.internal.misc.Unsafe (in module java.base) because module java.base does not export jdk.internal.misc to unnamed module @7ab2bfe1
2022-09-10 15:18:52 DEBUG PlatformDependent0:481 - java.nio.DirectByteBuffer.<init>(long, int): unavailable
2022-09-10 15:18:52 DEBUG PlatformDependent:1120 - sun.misc.Unsafe: available
2022-09-10 15:18:52 DEBUG PlatformDependent:1231 - maxDirectMemory: 2076180480 bytes (maybe)
2022-09-10 15:18:52 DEBUG PlatformDependent:1250 - -Dio.netty.tmpdir: C:\Users\Pranay\AppData\Local\Temp (java.io.tmpdir)
2022-09-10 15:18:52 DEBUG PlatformDependent:1329 - -Dio.netty.bitMode: 64 (sun.arch.data.model)
2022-09-10 15:18:52 DEBUG PlatformDependent:1080 - Platform: Windows
2022-09-10 15:18:52 DEBUG PlatformDependent:178 - -Dio.netty.maxDirectMemory: -1 bytes
2022-09-10 15:18:52 DEBUG PlatformDependent:185 - -Dio.netty.uninitializedArrayAllocationThreshold: -1
2022-09-10 15:18:52 DEBUG CleanerJava9:71 - java.nio.ByteBuffer.cleaner(): available
2022-09-10 15:18:52 DEBUG PlatformDependent:205 - -Dio.netty.noPreferDirect: false
2022-09-10 15:18:52 DEBUG PlatformDependent:971 - org.jctools-core.MpscChunkedArrayQueue: available
2022-09-10 15:18:52 DEBUG InternalThreadLocalMap:86 - -Dio.netty.threadLocalMap.stringBuilder.initialSize: 1024
2022-09-10 15:18:52 DEBUG InternalThreadLocalMap:89 - -Dio.netty.threadLocalMap.stringBuilder.maxSize: 4096
2022-09-10 15:18:52 DEBUG JdkSslContext:83 - Default protocols (JDK): [TLSv1.3, TLSv1.2] 
2022-09-10 15:18:52 DEBUG JdkSslContext:84 - Default cipher suites (JDK): [TLS_ECDHE_ECDSA_WITH_AES_256_GCM_SHA384, TLS_ECDHE_ECDSA_WITH_AES_128_GCM_SHA256, TLS_ECDHE_RSA_WITH_AES_128_GCM_SHA256, TLS_ECDHE_RSA_WITH_AES_256_GCM_SHA384, TLS_ECDHE_RSA_WITH_AES_128_CBC_SHA, TLS_ECDHE_RSA_WITH_AES_256_CBC_SHA, TLS_RSA_WITH_AES_128_GCM_SHA256, TLS_RSA_WITH_AES_128_CBC_SHA, TLS_RSA_WITH_AES_256_CBC_SHA, TLS_AES_128_GCM_SHA256, TLS_AES_256_GCM_SHA384]
2022-09-10 15:18:52 DEBUG MultithreadEventLoopGroup:44 - -Dio.netty.eventLoopThreads: 16
2022-09-10 15:18:52 DEBUG NioEventLoop:109 - -Dio.netty.noKeySetOptimization: false
2022-09-10 15:18:52 DEBUG NioEventLoop:110 - -Dio.netty.selectorAutoRebuildThreshold: 512
2022-09-10 15:18:52 DEBUG PooledByteBufAllocator:157 - -Dio.netty.allocator.numHeapArenas: 16
2022-09-10 15:18:52 DEBUG PooledByteBufAllocator:158 - -Dio.netty.allocator.numDirectArenas: 16
2022-09-10 15:18:52 DEBUG PooledByteBufAllocator:160 - -Dio.netty.allocator.pageSize: 8192
2022-09-10 15:18:52 DEBUG PooledByteBufAllocator:165 - -Dio.netty.allocator.maxOrder: 9
2022-09-10 15:18:52 DEBUG PooledByteBufAllocator:169 - -Dio.netty.allocator.chunkSize: 4194304
2022-09-10 15:18:52 DEBUG PooledByteBufAllocator:170 - -Dio.netty.allocator.smallCacheSize: 256
2022-09-10 15:18:52 DEBUG PooledByteBufAllocator:171 - -Dio.netty.allocator.normalCacheSize: 64
2022-09-10 15:18:52 DEBUG PooledByteBufAllocator:172 - -Dio.netty.allocator.maxCachedBufferCapacity: 32768
2022-09-10 15:18:52 DEBUG PooledByteBufAllocator:173 - -Dio.netty.allocator.cacheTrimInterval: 8192
2022-09-10 15:18:52 DEBUG PooledByteBufAllocator:174 - -Dio.netty.allocator.cacheTrimIntervalMillis: 0
2022-09-10 15:18:52 DEBUG PooledByteBufAllocator:175 - -Dio.netty.allocator.useCacheForAllThreads: false
2022-09-10 15:18:52 DEBUG PooledByteBufAllocator:176 - -Dio.netty.allocator.maxCachedByteBuffersPerChunk: 1023
2022-09-10 15:18:52 DEBUG ByteBufUtil:87 - -Dio.netty.allocator.type: pooled
2022-09-10 15:18:52 DEBUG ByteBufUtil:96 - -Dio.netty.threadLocalDirectBufferSize: 0
2022-09-10 15:18:52 DEBUG ByteBufUtil:99 - -Dio.netty.maxThreadLocalCharBufferSize: 16384
2022-09-10 15:18:54 DEBUG DefaultChannelId:79 - -Dio.netty.processId: 8680 (auto-detected)
2022-09-10 15:18:54 DEBUG NetUtil:136 - -Djava.net.preferIPv4Stack: true
2022-09-10 15:18:54 DEBUG NetUtil:137 - -Djava.net.preferIPv6Addresses: false
2022-09-10 15:18:54 DEBUG NetUtilInitializations:129 - Loopback interface: lo (Software Loopback Interface 1, 127.0.0.1)
2022-09-10 15:18:54 DEBUG NetUtil:191 - Failed to get SOMAXCONN from sysctl and file \proc\sys\net\core\somaxconn. Default: 200
2022-09-10 15:18:54 DEBUG DefaultChannelId:101 - -Dio.netty.machineId: 94:e2:3c:ff:fe:e7:e7:a8 (auto-detected)
2022-09-10 15:18:55 DEBUG AbstractByteBuf:63 - -Dio.netty.buffer.checkAccessible: true
2022-09-10 15:18:55 DEBUG AbstractByteBuf:64 - -Dio.netty.buffer.checkBounds: true
2022-09-10 15:18:55 DEBUG ResourceLeakDetectorFactory:196 - Loaded default ResourceLeakDetector: io.netty.util.ResourceLeakDetector@586c5ee1
2022-09-10 15:18:55 DEBUG Recycler:85 - -Dio.netty.recycler.maxCapacityPerThread: 4096
2022-09-10 15:18:55 DEBUG Recycler:86 - -Dio.netty.recycler.ratio: 8
2022-09-10 15:18:55 DEBUG Recycler:87 - -Dio.netty.recycler.chunkSize: 32
2022-09-10 15:18:55 DEBUG Recycler:88 - -Dio.netty.recycler.blocking: false
2022-09-10 15:19:10 DEBUG Brotli:38 - brotli4j not in the classpath; Brotli support will be unavailable.
2022-09-10 15:19:19 DEBUG InternalLoggerFactory:89 - Using Log4J as the default logging framework
2022-09-10 15:19:19 DEBUG ResourceLeakDetector:129 - -Dio.netty.leakDetection.level: simple
2022-09-10 15:19:19 DEBUG ResourceLeakDetector:130 - -Dio.netty.leakDetection.targetRecords: 4
2022-09-10 15:19:19 DEBUG ResourceLeakDetectorFactory:196 - Loaded default ResourceLeakDetector: io.netty.util.ResourceLeakDetector@65b104b9
2022-09-10 15:19:19 DEBUG PlatformDependent0:495 - -Dio.netty.noUnsafe: false
2022-09-10 15:19:19 DEBUG PlatformDependent0:998 - Java version: 18
2022-09-10 15:19:19 DEBUG PlatformDependent0:136 - sun.misc.Unsafe.theUnsafe: available
2022-09-10 15:19:19 DEBUG PlatformDependent0:160 - sun.misc.Unsafe.copyMemory: available
2022-09-10 15:19:19 DEBUG PlatformDependent0:192 - sun.misc.Unsafe.storeFence: available
2022-09-10 15:19:19 DEBUG PlatformDependent0:235 - java.nio.Buffer.address: available
2022-09-10 15:19:19 DEBUG PlatformDependent0:319 - direct buffer constructor: unavailable: Reflective setAccessible(true) disabled
2022-09-10 15:19:19 DEBUG PlatformDependent0:384 - java.nio.Bits.unaligned: available, true
2022-09-10 15:19:19 DEBUG PlatformDependent0:451 - jdk.internal.misc.Unsafe.allocateUninitializedArray(int): unavailable: class io.netty.util.internal.PlatformDependent0$7 cannot access class jdk.internal.misc.Unsafe (in module java.base) because module java.base does not export jdk.internal.misc to unnamed module @7ab2bfe1
2022-09-10 15:19:19 DEBUG PlatformDependent0:481 - java.nio.DirectByteBuffer.<init>(long, int): unavailable
2022-09-10 15:19:19 DEBUG PlatformDependent:1120 - sun.misc.Unsafe: available
2022-09-10 15:19:19 DEBUG PlatformDependent:1231 - maxDirectMemory: 2076180480 bytes (maybe)
2022-09-10 15:19:19 DEBUG PlatformDependent:1250 - -Dio.netty.tmpdir: C:\Users\Pranay\AppData\Local\Temp (java.io.tmpdir)
2022-09-10 15:19:19 DEBUG PlatformDependent:1329 - -Dio.netty.bitMode: 64 (sun.arch.data.model)
2022-09-10 15:19:19 DEBUG PlatformDependent:1080 - Platform: Windows
2022-09-10 15:19:19 DEBUG PlatformDependent:178 - -Dio.netty.maxDirectMemory: -1 bytes
2022-09-10 15:19:19 DEBUG PlatformDependent:185 - -Dio.netty.uninitializedArrayAllocationThreshold: -1
2022-09-10 15:19:19 DEBUG CleanerJava9:71 - java.nio.ByteBuffer.cleaner(): available
2022-09-10 15:19:19 DEBUG PlatformDependent:205 - -Dio.netty.noPreferDirect: false
2022-09-10 15:19:19 DEBUG PlatformDependent:971 - org.jctools-core.MpscChunkedArrayQueue: available
2022-09-10 15:19:19 DEBUG InternalThreadLocalMap:86 - -Dio.netty.threadLocalMap.stringBuilder.initialSize: 1024
2022-09-10 15:19:19 DEBUG InternalThreadLocalMap:89 - -Dio.netty.threadLocalMap.stringBuilder.maxSize: 4096
2022-09-10 15:19:19 DEBUG JdkSslContext:83 - Default protocols (JDK): [TLSv1.3, TLSv1.2] 
2022-09-10 15:19:19 DEBUG JdkSslContext:84 - Default cipher suites (JDK): [TLS_ECDHE_ECDSA_WITH_AES_256_GCM_SHA384, TLS_ECDHE_ECDSA_WITH_AES_128_GCM_SHA256, TLS_ECDHE_RSA_WITH_AES_128_GCM_SHA256, TLS_ECDHE_RSA_WITH_AES_256_GCM_SHA384, TLS_ECDHE_RSA_WITH_AES_128_CBC_SHA, TLS_ECDHE_RSA_WITH_AES_256_CBC_SHA, TLS_RSA_WITH_AES_128_GCM_SHA256, TLS_RSA_WITH_AES_128_CBC_SHA, TLS_RSA_WITH_AES_256_CBC_SHA, TLS_AES_128_GCM_SHA256, TLS_AES_256_GCM_SHA384]
2022-09-10 15:19:19 DEBUG MultithreadEventLoopGroup:44 - -Dio.netty.eventLoopThreads: 16
2022-09-10 15:19:19 DEBUG NioEventLoop:109 - -Dio.netty.noKeySetOptimization: false
2022-09-10 15:19:19 DEBUG NioEventLoop:110 - -Dio.netty.selectorAutoRebuildThreshold: 512
2022-09-10 15:19:19 DEBUG PooledByteBufAllocator:157 - -Dio.netty.allocator.numHeapArenas: 16
2022-09-10 15:19:19 DEBUG PooledByteBufAllocator:158 - -Dio.netty.allocator.numDirectArenas: 16
2022-09-10 15:19:20 DEBUG PooledByteBufAllocator:160 - -Dio.netty.allocator.pageSize: 8192
2022-09-10 15:19:20 DEBUG PooledByteBufAllocator:165 - -Dio.netty.allocator.maxOrder: 9
2022-09-10 15:19:20 DEBUG PooledByteBufAllocator:169 - -Dio.netty.allocator.chunkSize: 4194304
2022-09-10 15:19:20 DEBUG PooledByteBufAllocator:170 - -Dio.netty.allocator.smallCacheSize: 256
2022-09-10 15:19:20 DEBUG PooledByteBufAllocator:171 - -Dio.netty.allocator.normalCacheSize: 64
2022-09-10 15:19:20 DEBUG PooledByteBufAllocator:172 - -Dio.netty.allocator.maxCachedBufferCapacity: 32768
2022-09-10 15:19:20 DEBUG PooledByteBufAllocator:173 - -Dio.netty.allocator.cacheTrimInterval: 8192
2022-09-10 15:19:20 DEBUG PooledByteBufAllocator:174 - -Dio.netty.allocator.cacheTrimIntervalMillis: 0
2022-09-10 15:19:20 DEBUG PooledByteBufAllocator:175 - -Dio.netty.allocator.useCacheForAllThreads: false
2022-09-10 15:19:20 DEBUG PooledByteBufAllocator:176 - -Dio.netty.allocator.maxCachedByteBuffersPerChunk: 1023
2022-09-10 15:19:20 DEBUG ByteBufUtil:87 - -Dio.netty.allocator.type: pooled
2022-09-10 15:19:20 DEBUG ByteBufUtil:96 - -Dio.netty.threadLocalDirectBufferSize: 0
2022-09-10 15:19:20 DEBUG ByteBufUtil:99 - -Dio.netty.maxThreadLocalCharBufferSize: 16384
2022-09-10 15:19:20 DEBUG DefaultChannelId:79 - -Dio.netty.processId: 1816 (auto-detected)
2022-09-10 15:19:20 DEBUG NetUtil:136 - -Djava.net.preferIPv4Stack: true
2022-09-10 15:19:20 DEBUG NetUtil:137 - -Djava.net.preferIPv6Addresses: false
2022-09-10 15:19:20 DEBUG NetUtilInitializations:129 - Loopback interface: lo (Software Loopback Interface 1, 127.0.0.1)
2022-09-10 15:19:20 DEBUG NetUtil:191 - Failed to get SOMAXCONN from sysctl and file \proc\sys\net\core\somaxconn. Default: 200
2022-09-10 15:19:20 DEBUG DefaultChannelId:101 - -Dio.netty.machineId: 94:e2:3c:ff:fe:e7:e7:a8 (auto-detected)
2022-09-10 15:19:20 DEBUG AbstractByteBuf:63 - -Dio.netty.buffer.checkAccessible: true
2022-09-10 15:19:20 DEBUG AbstractByteBuf:64 - -Dio.netty.buffer.checkBounds: true
2022-09-10 15:19:20 DEBUG ResourceLeakDetectorFactory:196 - Loaded default ResourceLeakDetector: io.netty.util.ResourceLeakDetector@5535f527
2022-09-10 15:19:20 DEBUG Recycler:85 - -Dio.netty.recycler.maxCapacityPerThread: 4096
2022-09-10 15:19:20 DEBUG Recycler:86 - -Dio.netty.recycler.ratio: 8
2022-09-10 15:19:20 DEBUG Recycler:87 - -Dio.netty.recycler.chunkSize: 32
2022-09-10 15:19:20 DEBUG Recycler:88 - -Dio.netty.recycler.blocking: false
2022-09-10 15:19:24 DEBUG Brotli:38 - brotli4j not in the classpath; Brotli support will be unavailable.
2022-09-10 15:19:24 DEBUG ThreadLocalRandom:214 - -Dio.netty.initialSeedUniquifier: 0xc15e03176d6ed753
2022-09-10 15:22:28 DEBUG cache:45 - Couldn't find template in cache for "index.ftl"("en", UTF-8, parsed); will try to load it.
2022-09-10 15:22:28 DEBUG cache:45 - TemplateLoader.findTemplateSource("index_en.ftl"): Not found
2022-09-10 15:22:28 DEBUG cache:45 - TemplateLoader.findTemplateSource("index.ftl"): Found
2022-09-10 15:22:28 DEBUG cache:45 - Loading template for "index.ftl"("en", UTF-8, parsed) from "jar:file:/C:/Users/Pranay/.m2/repository/com/aventstack/extentreports/3.1.5/extentreports-3.1.5.jar!/com/aventstack/extentreports/view/html-report/index.ftl"
2022-09-10 15:22:29 DEBUG cache:45 - Couldn't find template in cache for "head.ftl"("en", UTF-8, parsed); will try to load it.
2022-09-10 15:22:29 DEBUG cache:45 - TemplateLoader.findTemplateSource("head_en.ftl"): Not found
2022-09-10 15:22:29 DEBUG cache:45 - TemplateLoader.findTemplateSource("head.ftl"): Found
2022-09-10 15:22:29 DEBUG cache:45 - Loading template for "head.ftl"("en", UTF-8, parsed) from "jar:file:/C:/Users/Pranay/.m2/repository/com/aventstack/extentreports/3.1.5/extentreports-3.1.5.jar!/com/aventstack/extentreports/view/html-report/head.ftl"
2022-09-10 15:22:29 DEBUG cache:45 - Couldn't find template in cache for "nav.ftl"("en", UTF-8, parsed); will try to load it.
2022-09-10 15:22:29 DEBUG cache:45 - TemplateLoader.findTemplateSource("nav_en.ftl"): Not found
2022-09-10 15:22:29 DEBUG cache:45 - TemplateLoader.findTemplateSource("nav.ftl"): Found
2022-09-10 15:22:29 DEBUG cache:45 - Loading template for "nav.ftl"("en", UTF-8, parsed) from "jar:file:/C:/Users/Pranay/.m2/repository/com/aventstack/extentreports/3.1.5/extentreports-3.1.5.jar!/com/aventstack/extentreports/view/html-report/nav.ftl"
2022-09-10 15:22:29 DEBUG cache:45 - Couldn't find template in cache for "test-view/test-view.ftl"("en", UTF-8, parsed); will try to load it.
2022-09-10 15:22:29 DEBUG cache:45 - TemplateLoader.findTemplateSource("test-view/test-view_en.ftl"): Not found
2022-09-10 15:22:29 DEBUG cache:45 - TemplateLoader.findTemplateSource("test-view/test-view.ftl"): Found
2022-09-10 15:22:29 DEBUG cache:45 - Loading template for "test-view/test-view.ftl"("en", UTF-8, parsed) from "jar:file:/C:/Users/Pranay/.m2/repository/com/aventstack/extentreports/3.1.5/extentreports-3.1.5.jar!/com/aventstack/extentreports/view/html-report/test-view/test-view.ftl"
2022-09-10 15:22:29 DEBUG cache:45 - Couldn't find template in cache for "test-view/test-view-charts.ftl"("en", UTF-8, parsed); will try to load it.
2022-09-10 15:22:29 DEBUG cache:45 - TemplateLoader.findTemplateSource("test-view/test-view-charts_en.ftl"): Not found
2022-09-10 15:22:29 DEBUG cache:45 - TemplateLoader.findTemplateSource("test-view/test-view-charts.ftl"): Found
2022-09-10 15:22:29 DEBUG cache:45 - Loading template for "test-view/test-view-charts.ftl"("en", UTF-8, parsed) from "jar:file:/C:/Users/Pranay/.m2/repository/com/aventstack/extentreports/3.1.5/extentreports-3.1.5.jar!/com/aventstack/extentreports/view/html-report/test-view/test-view-charts.ftl"
2022-09-10 15:22:29 DEBUG cache:45 - Couldn't find template in cache for "test-view/standard.ftl"("en", UTF-8, parsed); will try to load it.
2022-09-10 15:22:29 DEBUG cache:45 - TemplateLoader.findTemplateSource("test-view/standard_en.ftl"): Not found
2022-09-10 15:22:29 DEBUG cache:45 - TemplateLoader.findTemplateSource("test-view/standard.ftl"): Found
2022-09-10 15:22:29 DEBUG cache:45 - Loading template for "test-view/standard.ftl"("en", UTF-8, parsed) from "jar:file:/C:/Users/Pranay/.m2/repository/com/aventstack/extentreports/3.1.5/extentreports-3.1.5.jar!/com/aventstack/extentreports/view/html-report/test-view/standard.ftl"
2022-09-10 15:22:29 DEBUG cache:45 - "test-view/standard.ftl"("en", UTF-8, parsed) cached copy not yet stale; using cached.
2022-09-10 15:22:29 DEBUG cache:45 - "test-view/standard.ftl"("en", UTF-8, parsed) cached copy not yet stale; using cached.
2022-09-10 15:22:29 DEBUG cache:45 - "test-view/standard.ftl"("en", UTF-8, parsed) cached copy not yet stale; using cached.
2022-09-10 15:22:29 DEBUG cache:45 - "test-view/standard.ftl"("en", UTF-8, parsed) cached copy not yet stale; using cached.
2022-09-10 15:22:29 DEBUG cache:45 - "test-view/standard.ftl"("en", UTF-8, parsed) cached copy not yet stale; using cached.
2022-09-10 15:22:29 DEBUG cache:45 - "test-view/standard.ftl"("en", UTF-8, parsed) cached copy not yet stale; using cached.
2022-09-10 15:22:29 DEBUG cache:45 - Couldn't find template in cache for "category-view/category-view.ftl"("en", UTF-8, parsed); will try to load it.
2022-09-10 15:22:30 DEBUG cache:45 - TemplateLoader.findTemplateSource("category-view/category-view_en.ftl"): Not found
2022-09-10 15:22:30 DEBUG cache:45 - TemplateLoader.findTemplateSource("category-view/category-view.ftl"): Found
2022-09-10 15:22:30 DEBUG cache:45 - Loading template for "category-view/category-view.ftl"("en", UTF-8, parsed) from "jar:file:/C:/Users/Pranay/.m2/repository/com/aventstack/extentreports/3.1.5/extentreports-3.1.5.jar!/com/aventstack/extentreports/view/html-report/category-view/category-view.ftl"
2022-09-10 15:22:30 DEBUG cache:45 - Couldn't find template in cache for "author-view/author-view.ftl"("en", UTF-8, parsed); will try to load it.
2022-09-10 15:22:30 DEBUG cache:45 - TemplateLoader.findTemplateSource("author-view/author-view_en.ftl"): Not found
2022-09-10 15:22:30 DEBUG cache:45 - TemplateLoader.findTemplateSource("author-view/author-view.ftl"): Found
2022-09-10 15:22:30 DEBUG cache:45 - Loading template for "author-view/author-view.ftl"("en", UTF-8, parsed) from "jar:file:/C:/Users/Pranay/.m2/repository/com/aventstack/extentreports/3.1.5/extentreports-3.1.5.jar!/com/aventstack/extentreports/view/html-report/author-view/author-view.ftl"
2022-09-10 15:22:30 DEBUG cache:45 - Couldn't find template in cache for "exception-view/exception-view.ftl"("en", UTF-8, parsed); will try to load it.
2022-09-10 15:22:30 DEBUG cache:45 - TemplateLoader.findTemplateSource("exception-view/exception-view_en.ftl"): Not found
2022-09-10 15:22:30 DEBUG cache:45 - TemplateLoader.findTemplateSource("exception-view/exception-view.ftl"): Found
2022-09-10 15:22:30 DEBUG cache:45 - Loading template for "exception-view/exception-view.ftl"("en", UTF-8, parsed) from "jar:file:/C:/Users/Pranay/.m2/repository/com/aventstack/extentreports/3.1.5/extentreports-3.1.5.jar!/com/aventstack/extentreports/view/html-report/exception-view/exception-view.ftl"
2022-09-10 15:22:30 DEBUG cache:45 - Couldn't find template in cache for "dashboard-view/dashboard-view.ftl"("en", UTF-8, parsed); will try to load it.
2022-09-10 15:22:30 DEBUG cache:45 - TemplateLoader.findTemplateSource("dashboard-view/dashboard-view_en.ftl"): Not found
2022-09-10 15:22:30 DEBUG cache:45 - TemplateLoader.findTemplateSource("dashboard-view/dashboard-view.ftl"): Found
2022-09-10 15:22:30 DEBUG cache:45 - Loading template for "dashboard-view/dashboard-view.ftl"("en", UTF-8, parsed) from "jar:file:/C:/Users/Pranay/.m2/repository/com/aventstack/extentreports/3.1.5/extentreports-3.1.5.jar!/com/aventstack/extentreports/view/html-report/dashboard-view/dashboard-view.ftl"
2022-09-10 15:22:30 DEBUG cache:45 - Couldn't find template in cache for "logs-view/testrunner-logs-view.ftl"("en", UTF-8, parsed); will try to load it.
2022-09-10 15:22:30 DEBUG cache:45 - TemplateLoader.findTemplateSource("logs-view/testrunner-logs-view_en.ftl"): Not found
2022-09-10 15:22:30 DEBUG cache:45 - TemplateLoader.findTemplateSource("logs-view/testrunner-logs-view.ftl"): Found
2022-09-10 15:22:30 DEBUG cache:45 - Loading template for "logs-view/testrunner-logs-view.ftl"("en", UTF-8, parsed) from "jar:file:/C:/Users/Pranay/.m2/repository/com/aventstack/extentreports/3.1.5/extentreports-3.1.5.jar!/com/aventstack/extentreports/view/html-report/logs-view/testrunner-logs-view.ftl"
